2025-09-17 13:56:41 [INFO] core: Saving tenant public with schema: public, Org ID: TEN-0001
2025-09-17 13:56:41 [WARNING] users: users_rsakeypair table does not exist in schema public. Skipping RSA keypair creation.
2025-09-17 13:56:41 [INFO] core: Saving tenant public with schema: public, Org ID: TEN-0001
2025-09-17 13:56:50 [INFO] core: Saving tenant arts with schema: arts, Org ID: TEN-0002
2025-09-17 13:56:51 [WARNING] users: users_rsakeypair table does not exist in schema arts. Skipping RSA keypair creation.
2025-09-17 13:56:57 [INFO] core: Saving tenant arts with schema: arts, Org ID: TEN-0002
2025-09-17 13:57:05 [INFO] core: Saving tenant proliance with schema: proliance, Org ID: TEN-0003
2025-09-17 13:57:05 [WARNING] users: users_rsakeypair table does not exist in schema proliance. Skipping RSA keypair creation.
2025-09-17 13:57:11 [INFO] core: Saving tenant proliance with schema: proliance, Org ID: TEN-0003
2025-09-17 13:58:49 [INFO] users: Login attempts reset for user support@prolianceltd.com in tenant proliance
2025-09-17 13:59:23 [INFO] users: Raw PATCH request data for tenant proliance: {'has_accepted_terms': True}
2025-09-17 13:59:23 [INFO] users: FILES in request: {}
2025-09-17 13:59:23 [INFO] users.serializers: Raw payload in UserCreateSerializer: {'has_accepted_terms': True}
2025-09-17 13:59:23 [INFO] users.serializers: Parsed profile data: {}
2025-09-17 13:59:23 [INFO] users.serializers: Validating UserProfileSerializer data: {}
2025-09-17 13:59:23 [INFO] users: Validated data for user support@prolianceltd.com: {'profile': {}, 'has_accepted_terms': True}
2025-09-17 13:59:23 [INFO] users.serializers: Updating user support@prolianceltd.com with validated data: {'profile': {}, 'has_accepted_terms': True}
2025-09-17 13:59:23 [INFO] users: User support@prolianceltd.com updated by support@prolianceltd.com in tenant proliance
2025-09-17 14:00:00 [INFO] users: Raw PATCH request data for tenant proliance: {'profile': {'system_access_rostering': True, 'system_access_hr': True, 'system_access_recruitment': True, 'system_access_training': True, 'system_access_finance': True, 'system_access_compliance': True, 'system_access_co_superadmin': True, 'system_access_asset_management': True}}
2025-09-17 14:00:00 [INFO] users: FILES in request: {}
2025-09-17 14:00:00 [INFO] users.serializers: Raw payload in UserCreateSerializer: {'profile': {'system_access_rostering': True, 'system_access_hr': True, 'system_access_recruitment': True, 'system_access_training': True, 'system_access_finance': True, 'system_access_compliance': True, 'system_access_co_superadmin': True, 'system_access_asset_management': True}}
2025-09-17 14:00:00 [INFO] users.serializers: Parsed profile data: {'system_access_rostering': True, 'system_access_hr': True, 'system_access_recruitment': True, 'system_access_training': True, 'system_access_finance': True, 'system_access_compliance': True, 'system_access_co_superadmin': True, 'system_access_asset_management': True}
2025-09-17 14:00:00 [INFO] users.serializers: Validating UserProfileSerializer data: {'system_access_rostering': True, 'system_access_hr': True, 'system_access_recruitment': True, 'system_access_training': True, 'system_access_finance': True, 'system_access_compliance': True, 'system_access_co_superadmin': True, 'system_access_asset_management': True}
2025-09-17 14:00:00 [INFO] users: Validated data for user support@prolianceltd.com: {'profile': {'system_access_rostering': True, 'system_access_hr': True, 'system_access_recruitment': True, 'system_access_training': True, 'system_access_finance': True, 'system_access_compliance': True, 'system_access_co_superadmin': True, 'system_access_asset_management': True}}
2025-09-17 14:00:00 [INFO] users.serializers: Updating user support@prolianceltd.com with validated data: {'profile': {'system_access_rostering': True, 'system_access_hr': True, 'system_access_recruitment': True, 'system_access_training': True, 'system_access_finance': True, 'system_access_compliance': True, 'system_access_co_superadmin': True, 'system_access_asset_management': True}}
2025-09-17 14:00:00 [INFO] users.serializers: Updating profile for user support@prolianceltd.com with data: {'system_access_rostering': True, 'system_access_hr': True, 'system_access_recruitment': True, 'system_access_training': True, 'system_access_finance': True, 'system_access_compliance': True, 'system_access_co_superadmin': True, 'system_access_asset_management': True}
2025-09-17 14:00:00 [INFO] users.serializers: Validating UserProfileSerializer data: {'system_access_rostering': True, 'system_access_hr': True, 'system_access_recruitment': True, 'system_access_training': True, 'system_access_finance': True, 'system_access_compliance': True, 'system_access_co_superadmin': True, 'system_access_asset_management': True}
2025-09-17 14:00:00 [INFO] users.serializers: Updating UserProfile instance 1 with validated data: {'system_access_rostering': True, 'system_access_hr': True, 'system_access_recruitment': True, 'system_access_training': True, 'system_access_finance': True, 'system_access_compliance': True, 'system_access_co_superadmin': True, 'system_access_asset_management': True}
2025-09-17 14:00:00 [INFO] users.serializers: No file provided for profile_image, keeping existing profile_image_url
2025-09-17 14:00:00 [INFO] users.serializers: No file provided for drivers_licence_image1, keeping existing drivers_licence_image1_url
2025-09-17 14:00:00 [INFO] users.serializers: No file provided for drivers_licence_image2, keeping existing drivers_licence_image2_url
2025-09-17 14:00:00 [INFO] users.serializers: No file provided for Right_to_Work_file, keeping existing Right_to_Work_file_url
2025-09-17 14:00:00 [INFO] users.serializers: No file provided for dbs_certificate, keeping existing dbs_certificate_url
2025-09-17 14:00:00 [INFO] users.serializers: No file provided for dbs_update_file, keeping existing dbs_update_file_url
2025-09-17 14:00:00 [INFO] users.serializers: No update for professional_qualifications - keeping existing
2025-09-17 14:00:00 [INFO] users.serializers: No update for employment_details - keeping existing
2025-09-17 14:00:00 [INFO] users.serializers: No update for education_details - keeping existing
2025-09-17 14:00:00 [INFO] users.serializers: No update for reference_checks - keeping existing
2025-09-17 14:00:00 [INFO] users.serializers: No update for proof_of_address - keeping existing
2025-09-17 14:00:00 [INFO] users.serializers: No update for insurance_verifications - keeping existing
2025-09-17 14:00:00 [INFO] users.serializers: No update for driving_risk_assessments - keeping existing
2025-09-17 14:00:00 [INFO] users.serializers: No update for legal_work_eligibilities - keeping existing
2025-09-17 14:00:00 [INFO] users.serializers: No update for other_user_documents - keeping existing
2025-09-17 14:00:00 [INFO] users: User support@prolianceltd.com updated by support@prolianceltd.com in tenant proliance
2025-09-17 14:03:03 [INFO] users: Login attempts reset for user support@prolianceltd.com in tenant proliance
2025-09-17 14:04:19 [INFO] users: Login attempts reset for user support@prolianceltd.com in tenant proliance
2025-09-17 14:04:26 [DEBUG] users: Tenant from request: proliance
2025-09-17 14:04:27 [DEBUG] users: Tenant from request: proliance
2025-09-17 14:04:31 [DEBUG] core.views: Tenant from user: proliance
2025-09-17 14:04:31 [INFO] core.views: Retrieving tenant: 3 for tenant proliance
2025-09-17 14:04:31 [DEBUG] core.views: Tenant from user: proliance
2025-09-17 14:04:31 [INFO] core.views: Retrieving tenant: 3 for tenant proliance
2025-09-17 14:04:43 [DEBUG] core.views: Tenant from user: proliance
2025-09-17 14:04:43 [INFO] core.views: Retrieving tenant: 3 for tenant proliance
2025-09-17 14:04:43 [DEBUG] core.views: Tenant from user: proliance
2025-09-17 14:04:43 [INFO] core.views: Retrieving tenant: 3 for tenant proliance
2025-09-17 14:04:45 [DEBUG] core.views: Tenant from user: proliance
2025-09-17 14:04:45 [INFO] core.views: Retrieving tenant: 3 for tenant proliance
2025-09-17 14:04:49 [ERROR] django.request: Internal Server Error: /api/token/refresh/
Traceback (most recent call last):
  File "/usr/local/lib/python3.11/site-packages/django/db/backends/utils.py", line 105, in _execute
    return self.cursor.execute(sql, params)
           ^^^^^^^^^^^^^^^^^^^^^^^^^^^^^^^^
psycopg2.errors.UndefinedTable: relation "users_rsakeypair" does not exist
LINE 1: ...r"."updated_at", "users_rsakeypair"."active" FROM "users_rsa...
                                                             ^


The above exception was the direct cause of the following exception:

Traceback (most recent call last):
  File "/app/auth_service/views.py", line 233, in post
    payload = decode_rsa_jwt(refresh_token)
              ^^^^^^^^^^^^^^^^^^^^^^^^^^^^^
  File "/app/auth_service/utils/jwt_rsa.py", line 112, in decode_rsa_jwt
    keypair = RSAKeyPair.objects.filter(kid=kid, active=True).first()
              ^^^^^^^^^^^^^^^^^^^^^^^^^^^^^^^^^^^^^^^^^^^^^^^^^^^^^^^
  File "/usr/local/lib/python3.11/site-packages/django/db/models/query.py", line 1104, in first
    for obj in queryset[:1]:
  File "/usr/local/lib/python3.11/site-packages/django/db/models/query.py", line 384, in __iter__
    self._fetch_all()
  File "/usr/local/lib/python3.11/site-packages/django/db/models/query.py", line 1949, in _fetch_all
    self._result_cache = list(self._iterable_class(self))
                         ^^^^^^^^^^^^^^^^^^^^^^^^^^^^^^^^
  File "/usr/local/lib/python3.11/site-packages/django/db/models/query.py", line 91, in __iter__
    results = compiler.execute_sql(
              ^^^^^^^^^^^^^^^^^^^^^
  File "/usr/local/lib/python3.11/site-packages/django/db/models/sql/compiler.py", line 1623, in execute_sql
    cursor.execute(sql, params)
  File "/usr/local/lib/python3.11/site-packages/django/db/backends/utils.py", line 122, in execute
    return super().execute(sql, params)
           ^^^^^^^^^^^^^^^^^^^^^^^^^^^^
  File "/usr/local/lib/python3.11/site-packages/django/db/backends/utils.py", line 79, in execute
    return self._execute_with_wrappers(
           ^^^^^^^^^^^^^^^^^^^^^^^^^^^^
  File "/usr/local/lib/python3.11/site-packages/django/db/backends/utils.py", line 92, in _execute_with_wrappers
    return executor(sql, params, many, context)
           ^^^^^^^^^^^^^^^^^^^^^^^^^^^^^^^^^^^^
  File "/usr/local/lib/python3.11/site-packages/django/db/backends/utils.py", line 100, in _execute
    with self.db.wrap_database_errors:
  File "/usr/local/lib/python3.11/site-packages/django/db/utils.py", line 91, in __exit__
    raise dj_exc_value.with_traceback(traceback) from exc_value
  File "/usr/local/lib/python3.11/site-packages/django/db/backends/utils.py", line 105, in _execute
    return self.cursor.execute(sql, params)
           ^^^^^^^^^^^^^^^^^^^^^^^^^^^^^^^^
django.db.utils.ProgrammingError: relation "users_rsakeypair" does not exist
LINE 1: ...r"."updated_at", "users_rsakeypair"."active" FROM "users_rsa...
                                                             ^


During handling of the above exception, another exception occurred:

Traceback (most recent call last):
  File "/usr/local/lib/python3.11/site-packages/django/db/backends/utils.py", line 105, in _execute
    return self.cursor.execute(sql, params)
           ^^^^^^^^^^^^^^^^^^^^^^^^^^^^^^^^
psycopg2.errors.UndefinedTable: relation "users_useractivity" does not exist
LINE 1: INSERT INTO "users_useractivity" ("user_id", "tenant_id", "a...
                    ^


The above exception was the direct cause of the following exception:

Traceback (most recent call last):
  File "/usr/local/lib/python3.11/site-packages/django/core/handlers/exception.py", line 55, in inner
    response = get_response(request)
               ^^^^^^^^^^^^^^^^^^^^^
  File "/usr/local/lib/python3.11/site-packages/django/core/handlers/base.py", line 197, in _get_response
    response = wrapped_callback(request, *callback_args, **callback_kwargs)
               ^^^^^^^^^^^^^^^^^^^^^^^^^^^^^^^^^^^^^^^^^^^^^^^^^^^^^^^^^^^^
  File "/usr/local/lib/python3.11/site-packages/django/views/decorators/csrf.py", line 65, in _view_wrapper
    return view_func(request, *args, **kwargs)
           ^^^^^^^^^^^^^^^^^^^^^^^^^^^^^^^^^^^
  File "/usr/local/lib/python3.11/site-packages/django/views/generic/base.py", line 105, in view
    return self.dispatch(request, *args, **kwargs)
           ^^^^^^^^^^^^^^^^^^^^^^^^^^^^^^^^^^^^^^^
  File "/usr/local/lib/python3.11/site-packages/rest_framework/views.py", line 515, in dispatch
    response = self.handle_exception(exc)
               ^^^^^^^^^^^^^^^^^^^^^^^^^^
  File "/usr/local/lib/python3.11/site-packages/rest_framework/views.py", line 475, in handle_exception
    self.raise_uncaught_exception(exc)
  File "/usr/local/lib/python3.11/site-packages/rest_framework/views.py", line 486, in raise_uncaught_exception
    raise exc
  File "/usr/local/lib/python3.11/site-packages/rest_framework/views.py", line 512, in dispatch
    response = handler(request, *args, **kwargs)
               ^^^^^^^^^^^^^^^^^^^^^^^^^^^^^^^^^
  File "/app/auth_service/views.py", line 305, in post
    UserActivity.objects.create(
  File "/usr/local/lib/python3.11/site-packages/django/db/models/manager.py", line 87, in manager_method
    return getattr(self.get_queryset(), name)(*args, **kwargs)
           ^^^^^^^^^^^^^^^^^^^^^^^^^^^^^^^^^^^^^^^^^^^^^^^^^^^
  File "/usr/local/lib/python3.11/site-packages/django/db/models/query.py", line 663, in create
    obj.save(force_insert=True, using=self.db)
  File "/usr/local/lib/python3.11/site-packages/django/db/models/base.py", line 902, in save
    self.save_base(
  File "/usr/local/lib/python3.11/site-packages/django/db/models/base.py", line 1008, in save_base
    updated = self._save_table(
              ^^^^^^^^^^^^^^^^^
  File "/usr/local/lib/python3.11/site-packages/django/db/models/base.py", line 1169, in _save_table
    results = self._do_insert(
              ^^^^^^^^^^^^^^^^
  File "/usr/local/lib/python3.11/site-packages/django/db/models/base.py", line 1210, in _do_insert
    return manager._insert(
           ^^^^^^^^^^^^^^^^
  File "/usr/local/lib/python3.11/site-packages/django/db/models/manager.py", line 87, in manager_method
    return getattr(self.get_queryset(), name)(*args, **kwargs)
           ^^^^^^^^^^^^^^^^^^^^^^^^^^^^^^^^^^^^^^^^^^^^^^^^^^^
  File "/usr/local/lib/python3.11/site-packages/django/db/models/query.py", line 1868, in _insert
    return query.get_compiler(using=using).execute_sql(returning_fields)
           ^^^^^^^^^^^^^^^^^^^^^^^^^^^^^^^^^^^^^^^^^^^^^^^^^^^^^^^^^^^^^
  File "/usr/local/lib/python3.11/site-packages/django/db/models/sql/compiler.py", line 1882, in execute_sql
    cursor.execute(sql, params)
  File "/usr/local/lib/python3.11/site-packages/django/db/backends/utils.py", line 122, in execute
    return super().execute(sql, params)
           ^^^^^^^^^^^^^^^^^^^^^^^^^^^^
  File "/usr/local/lib/python3.11/site-packages/django/db/backends/utils.py", line 79, in execute
    return self._execute_with_wrappers(
           ^^^^^^^^^^^^^^^^^^^^^^^^^^^^
  File "/usr/local/lib/python3.11/site-packages/django/db/backends/utils.py", line 92, in _execute_with_wrappers
    return executor(sql, params, many, context)
           ^^^^^^^^^^^^^^^^^^^^^^^^^^^^^^^^^^^^
  File "/usr/local/lib/python3.11/site-packages/django/db/backends/utils.py", line 100, in _execute
    with self.db.wrap_database_errors:
  File "/usr/local/lib/python3.11/site-packages/django/db/utils.py", line 91, in __exit__
    raise dj_exc_value.with_traceback(traceback) from exc_value
  File "/usr/local/lib/python3.11/site-packages/django/db/backends/utils.py", line 105, in _execute
    return self.cursor.execute(sql, params)
           ^^^^^^^^^^^^^^^^^^^^^^^^^^^^^^^^
django.db.utils.ProgrammingError: relation "users_useractivity" does not exist
LINE 1: INSERT INTO "users_useractivity" ("user_id", "tenant_id", "a...
                    ^

2025-09-17 14:04:50 [ERROR] django.request: Internal Server Error: /api/token/refresh/
Traceback (most recent call last):
  File "/usr/local/lib/python3.11/site-packages/django/db/backends/utils.py", line 105, in _execute
    return self.cursor.execute(sql, params)
           ^^^^^^^^^^^^^^^^^^^^^^^^^^^^^^^^
psycopg2.errors.UndefinedTable: relation "users_rsakeypair" does not exist
LINE 1: ...r"."updated_at", "users_rsakeypair"."active" FROM "users_rsa...
                                                             ^


The above exception was the direct cause of the following exception:

Traceback (most recent call last):
  File "/app/auth_service/views.py", line 233, in post
    payload = decode_rsa_jwt(refresh_token)
              ^^^^^^^^^^^^^^^^^^^^^^^^^^^^^
  File "/app/auth_service/utils/jwt_rsa.py", line 112, in decode_rsa_jwt
    keypair = RSAKeyPair.objects.filter(kid=kid, active=True).first()
              ^^^^^^^^^^^^^^^^^^^^^^^^^^^^^^^^^^^^^^^^^^^^^^^^^^^^^^^
  File "/usr/local/lib/python3.11/site-packages/django/db/models/query.py", line 1104, in first
    for obj in queryset[:1]:
  File "/usr/local/lib/python3.11/site-packages/django/db/models/query.py", line 384, in __iter__
    self._fetch_all()
  File "/usr/local/lib/python3.11/site-packages/django/db/models/query.py", line 1949, in _fetch_all
    self._result_cache = list(self._iterable_class(self))
                         ^^^^^^^^^^^^^^^^^^^^^^^^^^^^^^^^
  File "/usr/local/lib/python3.11/site-packages/django/db/models/query.py", line 91, in __iter__
    results = compiler.execute_sql(
              ^^^^^^^^^^^^^^^^^^^^^
  File "/usr/local/lib/python3.11/site-packages/django/db/models/sql/compiler.py", line 1623, in execute_sql
    cursor.execute(sql, params)
  File "/usr/local/lib/python3.11/site-packages/django/db/backends/utils.py", line 122, in execute
    return super().execute(sql, params)
           ^^^^^^^^^^^^^^^^^^^^^^^^^^^^
  File "/usr/local/lib/python3.11/site-packages/django/db/backends/utils.py", line 79, in execute
    return self._execute_with_wrappers(
           ^^^^^^^^^^^^^^^^^^^^^^^^^^^^
  File "/usr/local/lib/python3.11/site-packages/django/db/backends/utils.py", line 92, in _execute_with_wrappers
    return executor(sql, params, many, context)
           ^^^^^^^^^^^^^^^^^^^^^^^^^^^^^^^^^^^^
  File "/usr/local/lib/python3.11/site-packages/django/db/backends/utils.py", line 100, in _execute
    with self.db.wrap_database_errors:
  File "/usr/local/lib/python3.11/site-packages/django/db/utils.py", line 91, in __exit__
    raise dj_exc_value.with_traceback(traceback) from exc_value
  File "/usr/local/lib/python3.11/site-packages/django/db/backends/utils.py", line 105, in _execute
    return self.cursor.execute(sql, params)
           ^^^^^^^^^^^^^^^^^^^^^^^^^^^^^^^^
django.db.utils.ProgrammingError: relation "users_rsakeypair" does not exist
LINE 1: ...r"."updated_at", "users_rsakeypair"."active" FROM "users_rsa...
                                                             ^


During handling of the above exception, another exception occurred:

Traceback (most recent call last):
  File "/usr/local/lib/python3.11/site-packages/django/db/backends/utils.py", line 105, in _execute
    return self.cursor.execute(sql, params)
           ^^^^^^^^^^^^^^^^^^^^^^^^^^^^^^^^
psycopg2.errors.UndefinedTable: relation "users_useractivity" does not exist
LINE 1: INSERT INTO "users_useractivity" ("user_id", "tenant_id", "a...
                    ^


The above exception was the direct cause of the following exception:

Traceback (most recent call last):
  File "/usr/local/lib/python3.11/site-packages/django/core/handlers/exception.py", line 55, in inner
    response = get_response(request)
               ^^^^^^^^^^^^^^^^^^^^^
  File "/usr/local/lib/python3.11/site-packages/django/core/handlers/base.py", line 197, in _get_response
    response = wrapped_callback(request, *callback_args, **callback_kwargs)
               ^^^^^^^^^^^^^^^^^^^^^^^^^^^^^^^^^^^^^^^^^^^^^^^^^^^^^^^^^^^^
  File "/usr/local/lib/python3.11/site-packages/django/views/decorators/csrf.py", line 65, in _view_wrapper
    return view_func(request, *args, **kwargs)
           ^^^^^^^^^^^^^^^^^^^^^^^^^^^^^^^^^^^
  File "/usr/local/lib/python3.11/site-packages/django/views/generic/base.py", line 105, in view
    return self.dispatch(request, *args, **kwargs)
           ^^^^^^^^^^^^^^^^^^^^^^^^^^^^^^^^^^^^^^^
  File "/usr/local/lib/python3.11/site-packages/rest_framework/views.py", line 515, in dispatch
    response = self.handle_exception(exc)
               ^^^^^^^^^^^^^^^^^^^^^^^^^^
  File "/usr/local/lib/python3.11/site-packages/rest_framework/views.py", line 475, in handle_exception
    self.raise_uncaught_exception(exc)
  File "/usr/local/lib/python3.11/site-packages/rest_framework/views.py", line 486, in raise_uncaught_exception
    raise exc
  File "/usr/local/lib/python3.11/site-packages/rest_framework/views.py", line 512, in dispatch
    response = handler(request, *args, **kwargs)
               ^^^^^^^^^^^^^^^^^^^^^^^^^^^^^^^^^
  File "/app/auth_service/views.py", line 305, in post
    UserActivity.objects.create(
  File "/usr/local/lib/python3.11/site-packages/django/db/models/manager.py", line 87, in manager_method
    return getattr(self.get_queryset(), name)(*args, **kwargs)
           ^^^^^^^^^^^^^^^^^^^^^^^^^^^^^^^^^^^^^^^^^^^^^^^^^^^
  File "/usr/local/lib/python3.11/site-packages/django/db/models/query.py", line 663, in create
    obj.save(force_insert=True, using=self.db)
  File "/usr/local/lib/python3.11/site-packages/django/db/models/base.py", line 902, in save
    self.save_base(
  File "/usr/local/lib/python3.11/site-packages/django/db/models/base.py", line 1008, in save_base
    updated = self._save_table(
              ^^^^^^^^^^^^^^^^^
  File "/usr/local/lib/python3.11/site-packages/django/db/models/base.py", line 1169, in _save_table
    results = self._do_insert(
              ^^^^^^^^^^^^^^^^
  File "/usr/local/lib/python3.11/site-packages/django/db/models/base.py", line 1210, in _do_insert
    return manager._insert(
           ^^^^^^^^^^^^^^^^
  File "/usr/local/lib/python3.11/site-packages/django/db/models/manager.py", line 87, in manager_method
    return getattr(self.get_queryset(), name)(*args, **kwargs)
           ^^^^^^^^^^^^^^^^^^^^^^^^^^^^^^^^^^^^^^^^^^^^^^^^^^^
  File "/usr/local/lib/python3.11/site-packages/django/db/models/query.py", line 1868, in _insert
    return query.get_compiler(using=using).execute_sql(returning_fields)
           ^^^^^^^^^^^^^^^^^^^^^^^^^^^^^^^^^^^^^^^^^^^^^^^^^^^^^^^^^^^^^
  File "/usr/local/lib/python3.11/site-packages/django/db/models/sql/compiler.py", line 1882, in execute_sql
    cursor.execute(sql, params)
  File "/usr/local/lib/python3.11/site-packages/django/db/backends/utils.py", line 122, in execute
    return super().execute(sql, params)
           ^^^^^^^^^^^^^^^^^^^^^^^^^^^^
  File "/usr/local/lib/python3.11/site-packages/django/db/backends/utils.py", line 79, in execute
    return self._execute_with_wrappers(
           ^^^^^^^^^^^^^^^^^^^^^^^^^^^^
  File "/usr/local/lib/python3.11/site-packages/django/db/backends/utils.py", line 92, in _execute_with_wrappers
    return executor(sql, params, many, context)
           ^^^^^^^^^^^^^^^^^^^^^^^^^^^^^^^^^^^^
  File "/usr/local/lib/python3.11/site-packages/django/db/backends/utils.py", line 100, in _execute
    with self.db.wrap_database_errors:
  File "/usr/local/lib/python3.11/site-packages/django/db/utils.py", line 91, in __exit__
    raise dj_exc_value.with_traceback(traceback) from exc_value
  File "/usr/local/lib/python3.11/site-packages/django/db/backends/utils.py", line 105, in _execute
    return self.cursor.execute(sql, params)
           ^^^^^^^^^^^^^^^^^^^^^^^^^^^^^^^^
django.db.utils.ProgrammingError: relation "users_useractivity" does not exist
LINE 1: INSERT INTO "users_useractivity" ("user_id", "tenant_id", "a...
                    ^

2025-09-17 14:04:51 [ERROR] django.request: Internal Server Error: /api/token/refresh/
Traceback (most recent call last):
  File "/usr/local/lib/python3.11/site-packages/django/db/backends/utils.py", line 105, in _execute
    return self.cursor.execute(sql, params)
           ^^^^^^^^^^^^^^^^^^^^^^^^^^^^^^^^
psycopg2.errors.UndefinedTable: relation "users_rsakeypair" does not exist
LINE 1: ...r"."updated_at", "users_rsakeypair"."active" FROM "users_rsa...
                                                             ^


The above exception was the direct cause of the following exception:

Traceback (most recent call last):
  File "/app/auth_service/views.py", line 233, in post
    payload = decode_rsa_jwt(refresh_token)
              ^^^^^^^^^^^^^^^^^^^^^^^^^^^^^
  File "/app/auth_service/utils/jwt_rsa.py", line 112, in decode_rsa_jwt
    keypair = RSAKeyPair.objects.filter(kid=kid, active=True).first()
              ^^^^^^^^^^^^^^^^^^^^^^^^^^^^^^^^^^^^^^^^^^^^^^^^^^^^^^^
  File "/usr/local/lib/python3.11/site-packages/django/db/models/query.py", line 1104, in first
    for obj in queryset[:1]:
  File "/usr/local/lib/python3.11/site-packages/django/db/models/query.py", line 384, in __iter__
    self._fetch_all()
  File "/usr/local/lib/python3.11/site-packages/django/db/models/query.py", line 1949, in _fetch_all
    self._result_cache = list(self._iterable_class(self))
                         ^^^^^^^^^^^^^^^^^^^^^^^^^^^^^^^^
  File "/usr/local/lib/python3.11/site-packages/django/db/models/query.py", line 91, in __iter__
    results = compiler.execute_sql(
              ^^^^^^^^^^^^^^^^^^^^^
  File "/usr/local/lib/python3.11/site-packages/django/db/models/sql/compiler.py", line 1623, in execute_sql
    cursor.execute(sql, params)
  File "/usr/local/lib/python3.11/site-packages/django/db/backends/utils.py", line 122, in execute
    return super().execute(sql, params)
           ^^^^^^^^^^^^^^^^^^^^^^^^^^^^
  File "/usr/local/lib/python3.11/site-packages/django/db/backends/utils.py", line 79, in execute
    return self._execute_with_wrappers(
           ^^^^^^^^^^^^^^^^^^^^^^^^^^^^
  File "/usr/local/lib/python3.11/site-packages/django/db/backends/utils.py", line 92, in _execute_with_wrappers
    return executor(sql, params, many, context)
           ^^^^^^^^^^^^^^^^^^^^^^^^^^^^^^^^^^^^
  File "/usr/local/lib/python3.11/site-packages/django/db/backends/utils.py", line 100, in _execute
    with self.db.wrap_database_errors:
  File "/usr/local/lib/python3.11/site-packages/django/db/utils.py", line 91, in __exit__
    raise dj_exc_value.with_traceback(traceback) from exc_value
  File "/usr/local/lib/python3.11/site-packages/django/db/backends/utils.py", line 105, in _execute
    return self.cursor.execute(sql, params)
           ^^^^^^^^^^^^^^^^^^^^^^^^^^^^^^^^
django.db.utils.ProgrammingError: relation "users_rsakeypair" does not exist
LINE 1: ...r"."updated_at", "users_rsakeypair"."active" FROM "users_rsa...
                                                             ^


During handling of the above exception, another exception occurred:

Traceback (most recent call last):
  File "/usr/local/lib/python3.11/site-packages/django/db/backends/utils.py", line 105, in _execute
    return self.cursor.execute(sql, params)
           ^^^^^^^^^^^^^^^^^^^^^^^^^^^^^^^^
psycopg2.errors.UndefinedTable: relation "users_useractivity" does not exist
LINE 1: INSERT INTO "users_useractivity" ("user_id", "tenant_id", "a...
                    ^


The above exception was the direct cause of the following exception:

Traceback (most recent call last):
  File "/usr/local/lib/python3.11/site-packages/django/core/handlers/exception.py", line 55, in inner
    response = get_response(request)
               ^^^^^^^^^^^^^^^^^^^^^
  File "/usr/local/lib/python3.11/site-packages/django/core/handlers/base.py", line 197, in _get_response
    response = wrapped_callback(request, *callback_args, **callback_kwargs)
               ^^^^^^^^^^^^^^^^^^^^^^^^^^^^^^^^^^^^^^^^^^^^^^^^^^^^^^^^^^^^
  File "/usr/local/lib/python3.11/site-packages/django/views/decorators/csrf.py", line 65, in _view_wrapper
    return view_func(request, *args, **kwargs)
           ^^^^^^^^^^^^^^^^^^^^^^^^^^^^^^^^^^^
  File "/usr/local/lib/python3.11/site-packages/django/views/generic/base.py", line 105, in view
    return self.dispatch(request, *args, **kwargs)
           ^^^^^^^^^^^^^^^^^^^^^^^^^^^^^^^^^^^^^^^
  File "/usr/local/lib/python3.11/site-packages/rest_framework/views.py", line 515, in dispatch
    response = self.handle_exception(exc)
               ^^^^^^^^^^^^^^^^^^^^^^^^^^
  File "/usr/local/lib/python3.11/site-packages/rest_framework/views.py", line 475, in handle_exception
    self.raise_uncaught_exception(exc)
  File "/usr/local/lib/python3.11/site-packages/rest_framework/views.py", line 486, in raise_uncaught_exception
    raise exc
  File "/usr/local/lib/python3.11/site-packages/rest_framework/views.py", line 512, in dispatch
    response = handler(request, *args, **kwargs)
               ^^^^^^^^^^^^^^^^^^^^^^^^^^^^^^^^^
  File "/app/auth_service/views.py", line 305, in post
    UserActivity.objects.create(
  File "/usr/local/lib/python3.11/site-packages/django/db/models/manager.py", line 87, in manager_method
    return getattr(self.get_queryset(), name)(*args, **kwargs)
           ^^^^^^^^^^^^^^^^^^^^^^^^^^^^^^^^^^^^^^^^^^^^^^^^^^^
  File "/usr/local/lib/python3.11/site-packages/django/db/models/query.py", line 663, in create
    obj.save(force_insert=True, using=self.db)
  File "/usr/local/lib/python3.11/site-packages/django/db/models/base.py", line 902, in save
    self.save_base(
  File "/usr/local/lib/python3.11/site-packages/django/db/models/base.py", line 1008, in save_base
    updated = self._save_table(
              ^^^^^^^^^^^^^^^^^
  File "/usr/local/lib/python3.11/site-packages/django/db/models/base.py", line 1169, in _save_table
    results = self._do_insert(
              ^^^^^^^^^^^^^^^^
  File "/usr/local/lib/python3.11/site-packages/django/db/models/base.py", line 1210, in _do_insert
    return manager._insert(
           ^^^^^^^^^^^^^^^^
  File "/usr/local/lib/python3.11/site-packages/django/db/models/manager.py", line 87, in manager_method
    return getattr(self.get_queryset(), name)(*args, **kwargs)
           ^^^^^^^^^^^^^^^^^^^^^^^^^^^^^^^^^^^^^^^^^^^^^^^^^^^
  File "/usr/local/lib/python3.11/site-packages/django/db/models/query.py", line 1868, in _insert
    return query.get_compiler(using=using).execute_sql(returning_fields)
           ^^^^^^^^^^^^^^^^^^^^^^^^^^^^^^^^^^^^^^^^^^^^^^^^^^^^^^^^^^^^^
  File "/usr/local/lib/python3.11/site-packages/django/db/models/sql/compiler.py", line 1882, in execute_sql
    cursor.execute(sql, params)
  File "/usr/local/lib/python3.11/site-packages/django/db/backends/utils.py", line 122, in execute
    return super().execute(sql, params)
           ^^^^^^^^^^^^^^^^^^^^^^^^^^^^
  File "/usr/local/lib/python3.11/site-packages/django/db/backends/utils.py", line 79, in execute
    return self._execute_with_wrappers(
           ^^^^^^^^^^^^^^^^^^^^^^^^^^^^
  File "/usr/local/lib/python3.11/site-packages/django/db/backends/utils.py", line 92, in _execute_with_wrappers
    return executor(sql, params, many, context)
           ^^^^^^^^^^^^^^^^^^^^^^^^^^^^^^^^^^^^
  File "/usr/local/lib/python3.11/site-packages/django/db/backends/utils.py", line 100, in _execute
    with self.db.wrap_database_errors:
  File "/usr/local/lib/python3.11/site-packages/django/db/utils.py", line 91, in __exit__
    raise dj_exc_value.with_traceback(traceback) from exc_value
  File "/usr/local/lib/python3.11/site-packages/django/db/backends/utils.py", line 105, in _execute
    return self.cursor.execute(sql, params)
           ^^^^^^^^^^^^^^^^^^^^^^^^^^^^^^^^
django.db.utils.ProgrammingError: relation "users_useractivity" does not exist
LINE 1: INSERT INTO "users_useractivity" ("user_id", "tenant_id", "a...
                    ^

2025-09-17 14:07:25 [INFO] users: Login attempts reset for user support@prolianceltd.com in tenant proliance
2025-09-17 14:07:29 [DEBUG] core.views: Tenant from user: proliance
2025-09-17 14:07:29 [INFO] core.views: Retrieving tenant: 3 for tenant proliance
2025-09-17 14:08:02 [DEBUG] core.views: Tenant from user: proliance
2025-09-17 14:08:02 [INFO] core.views: Retrieving tenant: 3 for tenant proliance
2025-09-17 14:08:02 [DEBUG] core.views: Tenant from user: proliance
2025-09-17 14:08:02 [INFO] core.views: Retrieving tenant: 3 for tenant proliance
2025-09-17 14:08:13 [DEBUG] core.views: Tenant from user: proliance
2025-09-17 14:08:13 [INFO] core.views: Retrieving tenant: 3 for tenant proliance
2025-09-17 14:08:13 [DEBUG] core.views: Tenant from user: proliance
2025-09-17 14:08:13 [INFO] core.views: Retrieving tenant: 3 for tenant proliance
2025-09-17 14:08:13 [DEBUG] core.views: Tenant from user: proliance
2025-09-17 14:08:13 [INFO] core.views: Retrieving tenant: 3 for tenant proliance
2025-09-17 14:08:13 [DEBUG] core.views: Tenant from user: proliance
2025-09-17 14:08:13 [INFO] core.views: Retrieving tenant: 3 for tenant proliance
2025-09-17 14:08:13 [DEBUG] core.views: Tenant from user: proliance
2025-09-17 14:08:13 [INFO] core.views: Retrieving tenant: 3 for tenant proliance
2025-09-17 14:08:21 [DEBUG] core.views: Tenant from user: proliance
2025-09-17 14:08:21 [INFO] core.views: Retrieving tenant: 3 for tenant proliance
2025-09-17 14:08:30 [DEBUG] core.views: Tenant from user: proliance
2025-09-17 14:08:30 [INFO] core.views: Retrieving tenant: 3 for tenant proliance
2025-09-17 14:08:40 [DEBUG] core.views: Tenant from user: proliance
2025-09-17 14:08:40 [INFO] core.views: Retrieving tenant: 3 for tenant proliance
2025-09-17 14:08:51 [DEBUG] core.views: Tenant from user: proliance
2025-09-17 14:08:51 [INFO] core.views: Retrieving tenant: 3 for tenant proliance
2025-09-17 14:09:00 [DEBUG] core.views: Tenant from user: proliance
2025-09-17 14:09:00 [INFO] core.views: Retrieving tenant: 3 for tenant proliance
2025-09-17 14:09:10 [DEBUG] core.views: Tenant from user: proliance
2025-09-17 14:09:10 [INFO] core.views: Retrieving tenant: 3 for tenant proliance
2025-09-17 14:09:45 [DEBUG] core.views: Tenant from user: proliance
2025-09-17 14:09:45 [INFO] core.views: Retrieving tenant: 3 for tenant proliance
2025-09-17 14:10:32 [INFO] users: Login attempts reset for user support@prolianceltd.com in tenant proliance
2025-09-17 14:10:45 [DEBUG] core.views: Tenant from user: proliance
2025-09-17 14:10:45 [INFO] core.views: Retrieving tenant: 3 for tenant proliance
2025-09-17 14:11:46 [DEBUG] core.views: Tenant from user: proliance
2025-09-17 14:11:46 [INFO] core.views: Retrieving tenant: 3 for tenant proliance
2025-09-17 14:12:45 [DEBUG] core.views: Tenant from user: proliance
2025-09-17 14:12:46 [INFO] core.views: Retrieving tenant: 3 for tenant proliance
2025-09-17 14:13:46 [DEBUG] core.views: Tenant from user: proliance
2025-09-17 14:13:46 [INFO] core.views: Retrieving tenant: 3 for tenant proliance
2025-09-17 14:14:13 [DEBUG] core.views: Tenant from user: proliance
2025-09-17 14:14:13 [INFO] core.views: Retrieving tenant: 3 for tenant proliance
2025-09-17 14:14:46 [DEBUG] core.views: Tenant from user: proliance
2025-09-17 14:14:46 [INFO] core.views: Retrieving tenant: 3 for tenant proliance
2025-09-17 14:15:21 [DEBUG] core.views: Tenant from user: proliance
2025-09-17 14:15:21 [INFO] core.views: Retrieving tenant: 3 for tenant proliance
2025-09-17 14:15:33 [DEBUG] core.views: Tenant from user: proliance
2025-09-17 14:15:33 [INFO] core.views: Retrieving tenant: 3 for tenant proliance
2025-09-17 14:15:47 [DEBUG] core.views: Tenant from user: proliance
2025-09-17 14:15:47 [INFO] core.views: Retrieving tenant: 3 for tenant proliance
2025-09-17 14:16:45 [DEBUG] core.views: Tenant from user: proliance
2025-09-17 14:16:45 [INFO] core.views: Retrieving tenant: 3 for tenant proliance
2025-09-17 14:17:45 [DEBUG] core.views: Tenant from user: proliance
2025-09-17 14:17:45 [INFO] core.views: Retrieving tenant: 3 for tenant proliance
2025-09-17 14:18:12 [WARNING] django.request: Bad Request: /api/token/http://localhost:9090/api/talent-engine/requisitions/
2025-09-17 14:18:21 [WARNING] django.request: Bad Request: /api/token/http://localhost:9090/api/talent-engine/requisitions/
2025-09-17 14:18:28 [WARNING] django.request: Bad Request: /api/token/http://localhost:9090/api/talent-engine/requisitions/
2025-09-17 14:18:45 [DEBUG] core.views: Tenant from user: proliance
2025-09-17 14:18:45 [INFO] core.views: Retrieving tenant: 3 for tenant proliance
2025-09-17 14:18:52 [WARNING] django.request: Forbidden: /api/public-key/d1871450ba844eacaf240254e4ff55ca/
2025-09-17 14:18:57 [INFO] users: Login attempts reset for user support@prolianceltd.com in tenant proliance
2025-09-17 14:19:12 [DEBUG] core.views: Tenant from user: proliance
2025-09-17 14:19:12 [INFO] core.views: Retrieving tenant: 3 for tenant proliance
2025-09-17 14:19:12 [DEBUG] core.views: Tenant from user: proliance
2025-09-17 14:19:12 [INFO] core.views: Retrieving tenant: 3 for tenant proliance
2025-09-17 14:19:46 [DEBUG] core.views: Tenant from user: proliance
2025-09-17 14:19:46 [INFO] core.views: Retrieving tenant: 3 for tenant proliance
2025-09-17 14:20:35 [DEBUG] core.views: Tenant from user: proliance
2025-09-17 14:20:35 [INFO] core.views: Retrieving tenant: 3 for tenant proliance
2025-09-17 14:20:35 [DEBUG] core.views: Tenant from user: proliance
2025-09-17 14:20:35 [INFO] core.views: Retrieving tenant: 3 for tenant proliance
2025-09-17 14:20:46 [DEBUG] core.views: Tenant from user: proliance
2025-09-17 14:20:46 [INFO] core.views: Retrieving tenant: 3 for tenant proliance
2025-09-17 14:20:48 [DEBUG] core.views: Tenant from user: proliance
2025-09-17 14:20:48 [INFO] core.views: Retrieving tenant: 3 for tenant proliance
2025-09-17 14:20:49 [DEBUG] core.views: Tenant from user: proliance
2025-09-17 14:20:49 [INFO] core.views: Retrieving tenant: 3 for tenant proliance
2025-09-17 14:20:53 [DEBUG] core.views: Tenant from user: proliance
2025-09-17 14:20:53 [INFO] core.views: Retrieving tenant: 3 for tenant proliance
2025-09-17 14:20:53 [DEBUG] core.views: Tenant from user: proliance
2025-09-17 14:20:53 [INFO] core.views: Retrieving tenant: 3 for tenant proliance
2025-09-17 14:20:54 [DEBUG] core.views: Tenant from user: proliance
2025-09-17 14:20:54 [INFO] core.views: Retrieving tenant: 3 for tenant proliance
2025-09-17 14:21:46 [DEBUG] core.views: Tenant from user: proliance
2025-09-17 14:21:46 [INFO] core.views: Retrieving tenant: 3 for tenant proliance
2025-09-17 14:22:47 [WARNING] django.request: Forbidden: /api/public-key/d1871450ba844eacaf240254e4ff55ca/
2025-09-17 14:22:47 [ERROR] django.request: Internal Server Error: /api/token/refresh/
Traceback (most recent call last):
  File "/usr/local/lib/python3.11/site-packages/django/db/backends/utils.py", line 105, in _execute
    return self.cursor.execute(sql, params)
           ^^^^^^^^^^^^^^^^^^^^^^^^^^^^^^^^
psycopg2.errors.UndefinedTable: relation "users_rsakeypair" does not exist
LINE 1: ...r"."updated_at", "users_rsakeypair"."active" FROM "users_rsa...
                                                             ^


The above exception was the direct cause of the following exception:

Traceback (most recent call last):
  File "/app/auth_service/views.py", line 233, in post
    payload = decode_rsa_jwt(refresh_token)
              ^^^^^^^^^^^^^^^^^^^^^^^^^^^^^
  File "/app/auth_service/utils/jwt_rsa.py", line 112, in decode_rsa_jwt
    keypair = RSAKeyPair.objects.filter(kid=kid, active=True).first()
              ^^^^^^^^^^^^^^^^^^^^^^^^^^^^^^^^^^^^^^^^^^^^^^^^^^^^^^^
  File "/usr/local/lib/python3.11/site-packages/django/db/models/query.py", line 1104, in first
    for obj in queryset[:1]:
  File "/usr/local/lib/python3.11/site-packages/django/db/models/query.py", line 384, in __iter__
    self._fetch_all()
  File "/usr/local/lib/python3.11/site-packages/django/db/models/query.py", line 1949, in _fetch_all
    self._result_cache = list(self._iterable_class(self))
                         ^^^^^^^^^^^^^^^^^^^^^^^^^^^^^^^^
  File "/usr/local/lib/python3.11/site-packages/django/db/models/query.py", line 91, in __iter__
    results = compiler.execute_sql(
              ^^^^^^^^^^^^^^^^^^^^^
  File "/usr/local/lib/python3.11/site-packages/django/db/models/sql/compiler.py", line 1623, in execute_sql
    cursor.execute(sql, params)
  File "/usr/local/lib/python3.11/site-packages/django/db/backends/utils.py", line 122, in execute
    return super().execute(sql, params)
           ^^^^^^^^^^^^^^^^^^^^^^^^^^^^
  File "/usr/local/lib/python3.11/site-packages/django/db/backends/utils.py", line 79, in execute
    return self._execute_with_wrappers(
           ^^^^^^^^^^^^^^^^^^^^^^^^^^^^
  File "/usr/local/lib/python3.11/site-packages/django/db/backends/utils.py", line 92, in _execute_with_wrappers
    return executor(sql, params, many, context)
           ^^^^^^^^^^^^^^^^^^^^^^^^^^^^^^^^^^^^
  File "/usr/local/lib/python3.11/site-packages/django/db/backends/utils.py", line 100, in _execute
    with self.db.wrap_database_errors:
  File "/usr/local/lib/python3.11/site-packages/django/db/utils.py", line 91, in __exit__
    raise dj_exc_value.with_traceback(traceback) from exc_value
  File "/usr/local/lib/python3.11/site-packages/django/db/backends/utils.py", line 105, in _execute
    return self.cursor.execute(sql, params)
           ^^^^^^^^^^^^^^^^^^^^^^^^^^^^^^^^
django.db.utils.ProgrammingError: relation "users_rsakeypair" does not exist
LINE 1: ...r"."updated_at", "users_rsakeypair"."active" FROM "users_rsa...
                                                             ^


During handling of the above exception, another exception occurred:

Traceback (most recent call last):
  File "/usr/local/lib/python3.11/site-packages/django/db/backends/utils.py", line 105, in _execute
    return self.cursor.execute(sql, params)
           ^^^^^^^^^^^^^^^^^^^^^^^^^^^^^^^^
psycopg2.errors.UndefinedTable: relation "users_useractivity" does not exist
LINE 1: INSERT INTO "users_useractivity" ("user_id", "tenant_id", "a...
                    ^


The above exception was the direct cause of the following exception:

Traceback (most recent call last):
  File "/usr/local/lib/python3.11/site-packages/django/core/handlers/exception.py", line 55, in inner
    response = get_response(request)
               ^^^^^^^^^^^^^^^^^^^^^
  File "/usr/local/lib/python3.11/site-packages/django/core/handlers/base.py", line 197, in _get_response
    response = wrapped_callback(request, *callback_args, **callback_kwargs)
               ^^^^^^^^^^^^^^^^^^^^^^^^^^^^^^^^^^^^^^^^^^^^^^^^^^^^^^^^^^^^
  File "/usr/local/lib/python3.11/site-packages/django/views/decorators/csrf.py", line 65, in _view_wrapper
    return view_func(request, *args, **kwargs)
           ^^^^^^^^^^^^^^^^^^^^^^^^^^^^^^^^^^^
  File "/usr/local/lib/python3.11/site-packages/django/views/generic/base.py", line 105, in view
    return self.dispatch(request, *args, **kwargs)
           ^^^^^^^^^^^^^^^^^^^^^^^^^^^^^^^^^^^^^^^
  File "/usr/local/lib/python3.11/site-packages/rest_framework/views.py", line 515, in dispatch
    response = self.handle_exception(exc)
               ^^^^^^^^^^^^^^^^^^^^^^^^^^
  File "/usr/local/lib/python3.11/site-packages/rest_framework/views.py", line 475, in handle_exception
    self.raise_uncaught_exception(exc)
  File "/usr/local/lib/python3.11/site-packages/rest_framework/views.py", line 486, in raise_uncaught_exception
    raise exc
  File "/usr/local/lib/python3.11/site-packages/rest_framework/views.py", line 512, in dispatch
    response = handler(request, *args, **kwargs)
               ^^^^^^^^^^^^^^^^^^^^^^^^^^^^^^^^^
  File "/app/auth_service/views.py", line 305, in post
    UserActivity.objects.create(
  File "/usr/local/lib/python3.11/site-packages/django/db/models/manager.py", line 87, in manager_method
    return getattr(self.get_queryset(), name)(*args, **kwargs)
           ^^^^^^^^^^^^^^^^^^^^^^^^^^^^^^^^^^^^^^^^^^^^^^^^^^^
  File "/usr/local/lib/python3.11/site-packages/django/db/models/query.py", line 663, in create
    obj.save(force_insert=True, using=self.db)
  File "/usr/local/lib/python3.11/site-packages/django/db/models/base.py", line 902, in save
    self.save_base(
  File "/usr/local/lib/python3.11/site-packages/django/db/models/base.py", line 1008, in save_base
    updated = self._save_table(
              ^^^^^^^^^^^^^^^^^
  File "/usr/local/lib/python3.11/site-packages/django/db/models/base.py", line 1169, in _save_table
    results = self._do_insert(
              ^^^^^^^^^^^^^^^^
  File "/usr/local/lib/python3.11/site-packages/django/db/models/base.py", line 1210, in _do_insert
    return manager._insert(
           ^^^^^^^^^^^^^^^^
  File "/usr/local/lib/python3.11/site-packages/django/db/models/manager.py", line 87, in manager_method
    return getattr(self.get_queryset(), name)(*args, **kwargs)
           ^^^^^^^^^^^^^^^^^^^^^^^^^^^^^^^^^^^^^^^^^^^^^^^^^^^
  File "/usr/local/lib/python3.11/site-packages/django/db/models/query.py", line 1868, in _insert
    return query.get_compiler(using=using).execute_sql(returning_fields)
           ^^^^^^^^^^^^^^^^^^^^^^^^^^^^^^^^^^^^^^^^^^^^^^^^^^^^^^^^^^^^^
  File "/usr/local/lib/python3.11/site-packages/django/db/models/sql/compiler.py", line 1882, in execute_sql
    cursor.execute(sql, params)
  File "/usr/local/lib/python3.11/site-packages/django/db/backends/utils.py", line 122, in execute
    return super().execute(sql, params)
           ^^^^^^^^^^^^^^^^^^^^^^^^^^^^
  File "/usr/local/lib/python3.11/site-packages/django/db/backends/utils.py", line 79, in execute
    return self._execute_with_wrappers(
           ^^^^^^^^^^^^^^^^^^^^^^^^^^^^
  File "/usr/local/lib/python3.11/site-packages/django/db/backends/utils.py", line 92, in _execute_with_wrappers
    return executor(sql, params, many, context)
           ^^^^^^^^^^^^^^^^^^^^^^^^^^^^^^^^^^^^
  File "/usr/local/lib/python3.11/site-packages/django/db/backends/utils.py", line 100, in _execute
    with self.db.wrap_database_errors:
  File "/usr/local/lib/python3.11/site-packages/django/db/utils.py", line 91, in __exit__
    raise dj_exc_value.with_traceback(traceback) from exc_value
  File "/usr/local/lib/python3.11/site-packages/django/db/backends/utils.py", line 105, in _execute
    return self.cursor.execute(sql, params)
           ^^^^^^^^^^^^^^^^^^^^^^^^^^^^^^^^
django.db.utils.ProgrammingError: relation "users_useractivity" does not exist
LINE 1: INSERT INTO "users_useractivity" ("user_id", "tenant_id", "a...
                    ^

2025-09-17 14:22:54 [DEBUG] core.views: Tenant from user: proliance
2025-09-17 14:22:54 [INFO] core.views: Retrieving tenant: 3 for tenant proliance
2025-09-17 14:22:54 [DEBUG] core.views: Tenant from user: proliance
2025-09-17 14:22:54 [INFO] core.views: Retrieving tenant: 3 for tenant proliance
2025-09-17 14:23:09 [INFO] users: Login attempts reset for user support@prolianceltd.com in tenant proliance
2025-09-17 14:23:11 [DEBUG] core.views: Tenant from user: proliance
2025-09-17 14:23:11 [INFO] core.views: Retrieving tenant: 3 for tenant proliance
2025-09-17 14:23:12 [DEBUG] core.views: Tenant from user: proliance
2025-09-17 14:23:12 [INFO] core.views: Retrieving tenant: 3 for tenant proliance
2025-09-17 14:23:12 [DEBUG] core.views: Tenant from user: proliance
2025-09-17 14:23:12 [INFO] core.views: Retrieving tenant: 3 for tenant proliance
2025-09-17 14:23:12 [DEBUG] core.views: Tenant from user: proliance
2025-09-17 14:23:12 [INFO] core.views: Retrieving tenant: 3 for tenant proliance
2025-09-17 14:23:12 [DEBUG] core.views: Tenant from user: proliance
2025-09-17 14:23:12 [INFO] core.views: Retrieving tenant: 3 for tenant proliance
2025-09-17 14:23:12 [DEBUG] core.views: Tenant from user: proliance
2025-09-17 14:23:12 [INFO] core.views: Retrieving tenant: 3 for tenant proliance
2025-09-17 14:23:12 [DEBUG] core.views: Tenant from user: proliance
2025-09-17 14:23:12 [INFO] core.views: Retrieving tenant: 3 for tenant proliance
2025-09-17 14:23:12 [DEBUG] core.views: Tenant from user: proliance
2025-09-17 14:23:12 [INFO] core.views: Retrieving tenant: 3 for tenant proliance
2025-09-17 14:23:12 [DEBUG] core.views: Tenant from user: proliance
2025-09-17 14:23:12 [INFO] core.views: Retrieving tenant: 3 for tenant proliance
2025-09-17 14:23:12 [DEBUG] core.views: Tenant from user: proliance
2025-09-17 14:23:12 [INFO] core.views: Retrieving tenant: 3 for tenant proliance
2025-09-17 14:23:12 [DEBUG] core.views: Tenant from user: proliance
2025-09-17 14:23:12 [INFO] core.views: Retrieving tenant: 3 for tenant proliance
2025-09-17 14:23:12 [DEBUG] core.views: Tenant from user: proliance
2025-09-17 14:23:12 [INFO] core.views: Retrieving tenant: 3 for tenant proliance
2025-09-17 14:23:14 [DEBUG] core.views: Tenant from user: proliance
2025-09-17 14:23:14 [INFO] core.views: Retrieving tenant: 3 for tenant proliance
2025-09-17 14:23:14 [DEBUG] core.views: Tenant from user: proliance
2025-09-17 14:23:14 [INFO] core.views: Retrieving tenant: 3 for tenant proliance
2025-09-17 14:23:14 [DEBUG] core.views: Tenant from user: proliance
2025-09-17 14:23:14 [INFO] core.views: Retrieving tenant: 3 for tenant proliance
2025-09-17 14:23:14 [DEBUG] core.views: Tenant from user: proliance
2025-09-17 14:23:14 [INFO] core.views: Retrieving tenant: 3 for tenant proliance
2025-09-17 14:23:14 [DEBUG] core.views: Tenant from user: proliance
2025-09-17 14:23:14 [INFO] core.views: Retrieving tenant: 3 for tenant proliance
2025-09-17 14:23:14 [DEBUG] core.views: Tenant from user: proliance
2025-09-17 14:23:14 [INFO] core.views: Retrieving tenant: 3 for tenant proliance
2025-09-17 14:23:14 [DEBUG] core.views: Tenant from user: proliance
2025-09-17 14:23:14 [INFO] core.views: Retrieving tenant: 3 for tenant proliance
2025-09-17 14:23:14 [DEBUG] core.views: Tenant from user: proliance
2025-09-17 14:23:14 [INFO] core.views: Retrieving tenant: 3 for tenant proliance
2025-09-17 14:23:23 [DEBUG] core.views: Tenant from user: proliance
2025-09-17 14:23:23 [INFO] core.views: Retrieving tenant: 3 for tenant proliance
2025-09-17 14:23:33 [DEBUG] core.views: Tenant from user: proliance
2025-09-17 14:23:33 [INFO] core.views: Retrieving tenant: 3 for tenant proliance
2025-09-17 14:23:42 [DEBUG] core.views: Tenant from user: proliance
2025-09-17 14:23:42 [INFO] core.views: Retrieving tenant: 3 for tenant proliance
2025-09-17 14:23:52 [DEBUG] core.views: Tenant from user: proliance
2025-09-17 14:23:52 [INFO] core.views: Retrieving tenant: 3 for tenant proliance
2025-09-17 14:24:01 [DEBUG] core.views: Tenant from user: proliance
2025-09-17 14:24:01 [INFO] core.views: Retrieving tenant: 3 for tenant proliance
2025-09-17 14:24:07 [DEBUG] core.views: Tenant from user: proliance
2025-09-17 14:24:07 [INFO] core.views: Retrieving tenant: 3 for tenant proliance
2025-09-17 14:24:07 [DEBUG] core.views: Tenant from user: proliance
2025-09-17 14:24:07 [INFO] core.views: Retrieving tenant: 3 for tenant proliance
2025-09-17 14:24:07 [DEBUG] core.views: Tenant from user: proliance
2025-09-17 14:24:07 [INFO] core.views: Retrieving tenant: 3 for tenant proliance
2025-09-17 14:24:08 [DEBUG] core.views: Tenant from user: proliance
2025-09-17 14:24:08 [INFO] core.views: Retrieving tenant: 3 for tenant proliance
2025-09-17 14:24:15 [DEBUG] core.views: Tenant from user: proliance
2025-09-17 14:24:15 [INFO] core.views: Retrieving tenant: 3 for tenant proliance
2025-09-17 14:24:45 [DEBUG] core.views: Tenant from user: proliance
2025-09-17 14:24:45 [INFO] core.views: Retrieving tenant: 3 for tenant proliance
2025-09-17 14:24:57 [DEBUG] core.views: Tenant from user: proliance
2025-09-17 14:24:57 [INFO] core.views: Retrieving tenant: 3 for tenant proliance
2025-09-17 14:24:57 [DEBUG] core.views: Tenant from user: proliance
2025-09-17 14:24:57 [INFO] core.views: Retrieving tenant: 3 for tenant proliance
2025-09-17 14:24:57 [DEBUG] core.views: Tenant from user: proliance
2025-09-17 14:24:57 [INFO] core.views: Retrieving tenant: 3 for tenant proliance
2025-09-17 14:24:57 [DEBUG] core.views: Tenant from user: proliance
2025-09-17 14:24:57 [INFO] core.views: Retrieving tenant: 3 for tenant proliance
2025-09-17 14:25:47 [DEBUG] core.views: Tenant from user: proliance
2025-09-17 14:25:47 [INFO] core.views: Retrieving tenant: 3 for tenant proliance
2025-09-17 14:25:47 [DEBUG] core.views: Tenant from user: proliance
2025-09-17 14:25:47 [INFO] core.views: Retrieving tenant: 3 for tenant proliance
2025-09-17 14:25:47 [DEBUG] core.views: Tenant from user: proliance
2025-09-17 14:25:47 [INFO] core.views: Retrieving tenant: 3 for tenant proliance
2025-09-17 14:25:47 [DEBUG] core.views: Tenant from user: proliance
2025-09-17 14:25:47 [INFO] core.views: Retrieving tenant: 3 for tenant proliance
2025-09-17 14:25:47 [DEBUG] core.views: Tenant from user: proliance
2025-09-17 14:25:47 [INFO] core.views: Retrieving tenant: 3 for tenant proliance
2025-09-17 14:25:54 [DEBUG] core.views: Tenant from user: proliance
2025-09-17 14:25:54 [INFO] core.views: Retrieving tenant: 3 for tenant proliance
2025-09-17 14:25:55 [DEBUG] core.views: Tenant from user: proliance
2025-09-17 14:25:55 [INFO] core.views: Retrieving tenant: 3 for tenant proliance
2025-09-17 14:25:55 [DEBUG] core.views: Tenant from user: proliance
2025-09-17 14:25:55 [INFO] core.views: Retrieving tenant: 3 for tenant proliance
2025-09-17 14:25:55 [DEBUG] core.views: Tenant from user: proliance
2025-09-17 14:25:55 [INFO] core.views: Retrieving tenant: 3 for tenant proliance
2025-09-17 14:25:55 [DEBUG] core.views: Tenant from user: proliance
2025-09-17 14:25:55 [INFO] core.views: Retrieving tenant: 3 for tenant proliance
2025-09-17 14:25:56 [DEBUG] core.views: Tenant from user: proliance
2025-09-17 14:25:56 [INFO] core.views: Retrieving tenant: 3 for tenant proliance
2025-09-17 14:25:56 [DEBUG] core.views: Tenant from user: proliance
2025-09-17 14:25:56 [INFO] core.views: Retrieving tenant: 3 for tenant proliance
2025-09-17 14:25:56 [DEBUG] core.views: Tenant from user: proliance
2025-09-17 14:25:56 [INFO] core.views: Retrieving tenant: 3 for tenant proliance
2025-09-17 14:25:56 [DEBUG] core.views: Tenant from user: proliance
2025-09-17 14:25:56 [INFO] core.views: Retrieving tenant: 3 for tenant proliance
2025-09-17 14:26:00 [DEBUG] core.views: Tenant from user: proliance
2025-09-17 14:26:00 [INFO] core.views: Retrieving tenant: 3 for tenant proliance
2025-09-17 14:26:00 [DEBUG] core.views: Tenant from user: proliance
2025-09-17 14:26:00 [INFO] core.views: Retrieving tenant: 3 for tenant proliance
2025-09-17 14:26:01 [DEBUG] core.views: Tenant from user: proliance
2025-09-17 14:26:01 [INFO] core.views: Retrieving tenant: 3 for tenant proliance
2025-09-17 14:26:01 [DEBUG] core.views: Tenant from user: proliance
2025-09-17 14:26:01 [INFO] core.views: Retrieving tenant: 3 for tenant proliance
2025-09-17 14:26:01 [DEBUG] core.views: Tenant from user: proliance
2025-09-17 14:26:01 [INFO] core.views: Retrieving tenant: 3 for tenant proliance
2025-09-17 14:26:03 [DEBUG] core.views: Tenant from user: proliance
2025-09-17 14:26:03 [INFO] core.views: Retrieving tenant: 3 for tenant proliance
2025-09-17 14:26:13 [DEBUG] core.views: Tenant from user: proliance
2025-09-17 14:26:13 [INFO] core.views: Retrieving tenant: 3 for tenant proliance
2025-09-17 14:26:13 [DEBUG] core.views: Tenant from user: proliance
2025-09-17 14:26:13 [INFO] core.views: Retrieving tenant: 3 for tenant proliance
2025-09-17 14:26:13 [DEBUG] core.views: Tenant from user: proliance
2025-09-17 14:26:13 [INFO] core.views: Retrieving tenant: 3 for tenant proliance
2025-09-17 14:26:35 [DEBUG] core.views: Tenant from user: proliance
2025-09-17 14:26:35 [INFO] core.views: Retrieving tenant: 3 for tenant proliance
2025-09-17 14:26:35 [DEBUG] core.views: Tenant from user: proliance
2025-09-17 14:26:35 [INFO] core.views: Retrieving tenant: 3 for tenant proliance
2025-09-17 14:26:35 [DEBUG] core.views: Tenant from user: proliance
2025-09-17 14:26:35 [INFO] core.views: Retrieving tenant: 3 for tenant proliance
2025-09-17 14:26:43 [DEBUG] core.views: Tenant from user: proliance
2025-09-17 14:26:43 [INFO] core.views: Retrieving tenant: 3 for tenant proliance
2025-09-17 14:26:52 [DEBUG] core.views: Tenant from user: proliance
2025-09-17 14:26:52 [INFO] core.views: Retrieving tenant: 3 for tenant proliance
2025-09-17 14:27:02 [DEBUG] core.views: Tenant from user: proliance
2025-09-17 14:27:02 [INFO] core.views: Retrieving tenant: 3 for tenant proliance
2025-09-17 14:27:13 [DEBUG] core.views: Tenant from user: proliance
2025-09-17 14:27:13 [INFO] core.views: Retrieving tenant: 3 for tenant proliance
2025-09-17 14:27:22 [DEBUG] core.views: Tenant from user: proliance
2025-09-17 14:27:22 [INFO] core.views: Retrieving tenant: 3 for tenant proliance
2025-09-17 14:27:31 [DEBUG] core.views: Tenant from user: proliance
2025-09-17 14:27:31 [INFO] core.views: Retrieving tenant: 3 for tenant proliance
2025-09-17 14:27:43 [DEBUG] core.views: Tenant from user: proliance
2025-09-17 14:27:43 [INFO] core.views: Retrieving tenant: 3 for tenant proliance
2025-09-17 14:27:52 [DEBUG] core.views: Tenant from user: proliance
2025-09-17 14:27:52 [INFO] core.views: Retrieving tenant: 3 for tenant proliance
2025-09-17 14:28:02 [DEBUG] core.views: Tenant from user: proliance
2025-09-17 14:28:02 [INFO] core.views: Retrieving tenant: 3 for tenant proliance
2025-09-17 14:28:13 [DEBUG] core.views: Tenant from user: proliance
2025-09-17 14:28:13 [INFO] core.views: Retrieving tenant: 3 for tenant proliance
2025-09-17 14:28:22 [DEBUG] core.views: Tenant from user: proliance
2025-09-17 14:28:22 [INFO] core.views: Retrieving tenant: 3 for tenant proliance
2025-09-17 14:28:32 [DEBUG] core.views: Tenant from user: proliance
2025-09-17 14:28:32 [INFO] core.views: Retrieving tenant: 3 for tenant proliance
2025-09-17 14:28:43 [DEBUG] core.views: Tenant from user: proliance
2025-09-17 14:28:43 [INFO] core.views: Retrieving tenant: 3 for tenant proliance
2025-09-17 14:28:53 [DEBUG] core.views: Tenant from user: proliance
2025-09-17 14:28:53 [INFO] core.views: Retrieving tenant: 3 for tenant proliance
2025-09-17 14:29:02 [DEBUG] core.views: Tenant from user: proliance
2025-09-17 14:29:02 [INFO] core.views: Retrieving tenant: 3 for tenant proliance
2025-09-17 14:29:14 [DEBUG] core.views: Tenant from user: proliance
2025-09-17 14:29:14 [INFO] core.views: Retrieving tenant: 3 for tenant proliance
2025-09-17 14:29:23 [DEBUG] core.views: Tenant from user: proliance
2025-09-17 14:29:23 [INFO] core.views: Retrieving tenant: 3 for tenant proliance
2025-09-17 14:29:32 [DEBUG] core.views: Tenant from user: proliance
2025-09-17 14:29:32 [INFO] core.views: Retrieving tenant: 3 for tenant proliance
2025-09-17 14:29:41 [DEBUG] core.views: Tenant from user: proliance
2025-09-17 14:29:41 [INFO] core.views: Retrieving tenant: 3 for tenant proliance
2025-09-17 14:29:53 [DEBUG] core.views: Tenant from user: proliance
2025-09-17 14:29:53 [INFO] core.views: Retrieving tenant: 3 for tenant proliance
2025-09-17 14:30:02 [DEBUG] core.views: Tenant from user: proliance
2025-09-17 14:30:02 [INFO] core.views: Retrieving tenant: 3 for tenant proliance
2025-09-17 14:30:11 [DEBUG] core.views: Tenant from user: proliance
2025-09-17 14:30:11 [INFO] core.views: Retrieving tenant: 3 for tenant proliance
2025-09-17 14:30:23 [DEBUG] core.views: Tenant from user: proliance
2025-09-17 14:30:23 [INFO] core.views: Retrieving tenant: 3 for tenant proliance
2025-09-17 14:30:32 [DEBUG] core.views: Tenant from user: proliance
2025-09-17 14:30:32 [INFO] core.views: Retrieving tenant: 3 for tenant proliance
2025-09-17 14:30:42 [DEBUG] core.views: Tenant from user: proliance
2025-09-17 14:30:42 [INFO] core.views: Retrieving tenant: 3 for tenant proliance
2025-09-17 14:30:53 [DEBUG] core.views: Tenant from user: proliance
2025-09-17 14:30:53 [INFO] core.views: Retrieving tenant: 3 for tenant proliance
2025-09-17 14:31:03 [DEBUG] core.views: Tenant from user: proliance
2025-09-17 14:31:03 [INFO] core.views: Retrieving tenant: 3 for tenant proliance
2025-09-17 14:31:12 [DEBUG] core.views: Tenant from user: proliance
2025-09-17 14:31:12 [INFO] core.views: Retrieving tenant: 3 for tenant proliance
2025-09-17 14:31:23 [DEBUG] core.views: Tenant from user: proliance
2025-09-17 14:31:23 [INFO] core.views: Retrieving tenant: 3 for tenant proliance
2025-09-17 14:31:33 [DEBUG] core.views: Tenant from user: proliance
2025-09-17 14:31:33 [INFO] core.views: Retrieving tenant: 3 for tenant proliance
2025-09-17 14:31:42 [DEBUG] core.views: Tenant from user: proliance
2025-09-17 14:31:42 [INFO] core.views: Retrieving tenant: 3 for tenant proliance
2025-09-17 14:31:51 [DEBUG] core.views: Tenant from user: proliance
2025-09-17 14:31:51 [INFO] core.views: Retrieving tenant: 3 for tenant proliance
2025-09-17 14:32:03 [DEBUG] core.views: Tenant from user: proliance
2025-09-17 14:32:03 [INFO] core.views: Retrieving tenant: 3 for tenant proliance
2025-09-17 14:32:12 [DEBUG] core.views: Tenant from user: proliance
2025-09-17 14:32:12 [INFO] core.views: Retrieving tenant: 3 for tenant proliance
2025-09-17 14:32:21 [DEBUG] core.views: Tenant from user: proliance
2025-09-17 14:32:21 [INFO] core.views: Retrieving tenant: 3 for tenant proliance
2025-09-17 14:32:33 [DEBUG] core.views: Tenant from user: proliance
2025-09-17 14:32:33 [INFO] core.views: Retrieving tenant: 3 for tenant proliance
2025-09-17 14:32:42 [DEBUG] core.views: Tenant from user: proliance
2025-09-17 14:32:42 [INFO] core.views: Retrieving tenant: 3 for tenant proliance
2025-09-17 14:32:52 [DEBUG] core.views: Tenant from user: proliance
2025-09-17 14:32:52 [INFO] core.views: Retrieving tenant: 3 for tenant proliance
2025-09-17 14:33:03 [DEBUG] core.views: Tenant from user: proliance
2025-09-17 14:33:03 [INFO] core.views: Retrieving tenant: 3 for tenant proliance
2025-09-17 14:33:13 [DEBUG] core.views: Tenant from user: proliance
2025-09-17 14:33:13 [INFO] core.views: Retrieving tenant: 3 for tenant proliance
2025-09-17 14:33:22 [DEBUG] core.views: Tenant from user: proliance
2025-09-17 14:33:22 [INFO] core.views: Retrieving tenant: 3 for tenant proliance
2025-09-17 14:33:33 [DEBUG] core.views: Tenant from user: proliance
2025-09-17 14:33:33 [INFO] core.views: Retrieving tenant: 3 for tenant proliance
2025-09-17 14:33:43 [DEBUG] core.views: Tenant from user: proliance
2025-09-17 14:33:43 [INFO] core.views: Retrieving tenant: 3 for tenant proliance
2025-09-17 14:33:52 [DEBUG] core.views: Tenant from user: proliance
2025-09-17 14:33:52 [INFO] core.views: Retrieving tenant: 3 for tenant proliance
2025-09-17 14:34:01 [DEBUG] core.views: Tenant from user: proliance
2025-09-17 14:34:01 [INFO] core.views: Retrieving tenant: 3 for tenant proliance
2025-09-17 14:34:13 [DEBUG] core.views: Tenant from user: proliance
2025-09-17 14:34:13 [INFO] core.views: Retrieving tenant: 3 for tenant proliance
2025-09-17 14:34:22 [DEBUG] core.views: Tenant from user: proliance
2025-09-17 14:34:22 [INFO] core.views: Retrieving tenant: 3 for tenant proliance
2025-09-17 14:34:31 [DEBUG] core.views: Tenant from user: proliance
2025-09-17 14:34:31 [INFO] core.views: Retrieving tenant: 3 for tenant proliance
2025-09-17 14:34:43 [DEBUG] core.views: Tenant from user: proliance
2025-09-17 14:34:43 [INFO] core.views: Retrieving tenant: 3 for tenant proliance
2025-09-17 14:34:52 [DEBUG] core.views: Tenant from user: proliance
2025-09-17 14:34:52 [INFO] core.views: Retrieving tenant: 3 for tenant proliance
2025-09-17 14:35:02 [DEBUG] core.views: Tenant from user: proliance
2025-09-17 14:35:02 [INFO] core.views: Retrieving tenant: 3 for tenant proliance
2025-09-17 14:35:13 [DEBUG] core.views: Tenant from user: proliance
2025-09-17 14:35:13 [INFO] core.views: Retrieving tenant: 3 for tenant proliance
2025-09-17 14:35:23 [DEBUG] core.views: Tenant from user: proliance
2025-09-17 14:35:23 [INFO] core.views: Retrieving tenant: 3 for tenant proliance
2025-09-17 14:35:32 [DEBUG] core.views: Tenant from user: proliance
2025-09-17 14:35:32 [INFO] core.views: Retrieving tenant: 3 for tenant proliance
2025-09-17 14:35:43 [DEBUG] core.views: Tenant from user: proliance
2025-09-17 14:35:43 [INFO] core.views: Retrieving tenant: 3 for tenant proliance
2025-09-17 14:35:53 [DEBUG] core.views: Tenant from user: proliance
2025-09-17 14:35:53 [INFO] core.views: Retrieving tenant: 3 for tenant proliance
2025-09-17 14:36:02 [DEBUG] core.views: Tenant from user: proliance
2025-09-17 14:36:02 [INFO] core.views: Retrieving tenant: 3 for tenant proliance
2025-09-17 14:36:12 [DEBUG] core.views: Tenant from user: proliance
2025-09-17 14:36:12 [INFO] core.views: Retrieving tenant: 3 for tenant proliance
2025-09-17 14:36:23 [DEBUG] core.views: Tenant from user: proliance
2025-09-17 14:36:23 [INFO] core.views: Retrieving tenant: 3 for tenant proliance
2025-09-17 14:36:32 [DEBUG] core.views: Tenant from user: proliance
2025-09-17 14:36:32 [INFO] core.views: Retrieving tenant: 3 for tenant proliance
2025-09-17 14:36:41 [DEBUG] core.views: Tenant from user: proliance
2025-09-17 14:36:41 [INFO] core.views: Retrieving tenant: 3 for tenant proliance
2025-09-17 14:36:53 [DEBUG] core.views: Tenant from user: proliance
2025-09-17 14:36:53 [INFO] core.views: Retrieving tenant: 3 for tenant proliance
2025-09-17 14:37:02 [DEBUG] core.views: Tenant from user: proliance
2025-09-17 14:37:02 [INFO] core.views: Retrieving tenant: 3 for tenant proliance
2025-09-17 14:37:12 [DEBUG] core.views: Tenant from user: proliance
2025-09-17 14:37:12 [INFO] core.views: Retrieving tenant: 3 for tenant proliance
2025-09-17 14:37:23 [DEBUG] core.views: Tenant from user: proliance
2025-09-17 14:37:23 [INFO] core.views: Retrieving tenant: 3 for tenant proliance
2025-09-17 14:37:32 [DEBUG] core.views: Tenant from user: proliance
2025-09-17 14:37:32 [INFO] core.views: Retrieving tenant: 3 for tenant proliance
2025-09-17 14:37:42 [DEBUG] core.views: Tenant from user: proliance
2025-09-17 14:37:42 [INFO] core.views: Retrieving tenant: 3 for tenant proliance
2025-09-17 14:37:53 [DEBUG] core.views: Tenant from user: proliance
2025-09-17 14:37:53 [INFO] core.views: Retrieving tenant: 3 for tenant proliance
2025-09-17 14:38:03 [DEBUG] core.views: Tenant from user: proliance
2025-09-17 14:38:03 [INFO] core.views: Retrieving tenant: 3 for tenant proliance
2025-09-17 14:38:12 [WARNING] django.request: Forbidden: /api/public-key/d1871450ba844eacaf240254e4ff55ca/
2025-09-17 14:38:12 [ERROR] django.request: Internal Server Error: /api/token/refresh/
Traceback (most recent call last):
  File "/usr/local/lib/python3.11/site-packages/django/db/backends/utils.py", line 105, in _execute
    return self.cursor.execute(sql, params)
           ^^^^^^^^^^^^^^^^^^^^^^^^^^^^^^^^
psycopg2.errors.UndefinedTable: relation "users_rsakeypair" does not exist
LINE 1: ...r"."updated_at", "users_rsakeypair"."active" FROM "users_rsa...
                                                             ^


The above exception was the direct cause of the following exception:

Traceback (most recent call last):
  File "/app/auth_service/views.py", line 233, in post
    payload = decode_rsa_jwt(refresh_token)
              ^^^^^^^^^^^^^^^^^^^^^^^^^^^^^
  File "/app/auth_service/utils/jwt_rsa.py", line 112, in decode_rsa_jwt
    keypair = RSAKeyPair.objects.filter(kid=kid, active=True).first()
              ^^^^^^^^^^^^^^^^^^^^^^^^^^^^^^^^^^^^^^^^^^^^^^^^^^^^^^^
  File "/usr/local/lib/python3.11/site-packages/django/db/models/query.py", line 1104, in first
    for obj in queryset[:1]:
  File "/usr/local/lib/python3.11/site-packages/django/db/models/query.py", line 384, in __iter__
    self._fetch_all()
  File "/usr/local/lib/python3.11/site-packages/django/db/models/query.py", line 1949, in _fetch_all
    self._result_cache = list(self._iterable_class(self))
                         ^^^^^^^^^^^^^^^^^^^^^^^^^^^^^^^^
  File "/usr/local/lib/python3.11/site-packages/django/db/models/query.py", line 91, in __iter__
    results = compiler.execute_sql(
              ^^^^^^^^^^^^^^^^^^^^^
  File "/usr/local/lib/python3.11/site-packages/django/db/models/sql/compiler.py", line 1623, in execute_sql
    cursor.execute(sql, params)
  File "/usr/local/lib/python3.11/site-packages/django/db/backends/utils.py", line 122, in execute
    return super().execute(sql, params)
           ^^^^^^^^^^^^^^^^^^^^^^^^^^^^
  File "/usr/local/lib/python3.11/site-packages/django/db/backends/utils.py", line 79, in execute
    return self._execute_with_wrappers(
           ^^^^^^^^^^^^^^^^^^^^^^^^^^^^
  File "/usr/local/lib/python3.11/site-packages/django/db/backends/utils.py", line 92, in _execute_with_wrappers
    return executor(sql, params, many, context)
           ^^^^^^^^^^^^^^^^^^^^^^^^^^^^^^^^^^^^
  File "/usr/local/lib/python3.11/site-packages/django/db/backends/utils.py", line 100, in _execute
    with self.db.wrap_database_errors:
  File "/usr/local/lib/python3.11/site-packages/django/db/utils.py", line 91, in __exit__
    raise dj_exc_value.with_traceback(traceback) from exc_value
  File "/usr/local/lib/python3.11/site-packages/django/db/backends/utils.py", line 105, in _execute
    return self.cursor.execute(sql, params)
           ^^^^^^^^^^^^^^^^^^^^^^^^^^^^^^^^
django.db.utils.ProgrammingError: relation "users_rsakeypair" does not exist
LINE 1: ...r"."updated_at", "users_rsakeypair"."active" FROM "users_rsa...
                                                             ^


During handling of the above exception, another exception occurred:

Traceback (most recent call last):
  File "/usr/local/lib/python3.11/site-packages/django/db/backends/utils.py", line 105, in _execute
    return self.cursor.execute(sql, params)
           ^^^^^^^^^^^^^^^^^^^^^^^^^^^^^^^^
psycopg2.errors.UndefinedTable: relation "users_useractivity" does not exist
LINE 1: INSERT INTO "users_useractivity" ("user_id", "tenant_id", "a...
                    ^


The above exception was the direct cause of the following exception:

Traceback (most recent call last):
  File "/usr/local/lib/python3.11/site-packages/django/core/handlers/exception.py", line 55, in inner
    response = get_response(request)
               ^^^^^^^^^^^^^^^^^^^^^
  File "/usr/local/lib/python3.11/site-packages/django/core/handlers/base.py", line 197, in _get_response
    response = wrapped_callback(request, *callback_args, **callback_kwargs)
               ^^^^^^^^^^^^^^^^^^^^^^^^^^^^^^^^^^^^^^^^^^^^^^^^^^^^^^^^^^^^
  File "/usr/local/lib/python3.11/site-packages/django/views/decorators/csrf.py", line 65, in _view_wrapper
    return view_func(request, *args, **kwargs)
           ^^^^^^^^^^^^^^^^^^^^^^^^^^^^^^^^^^^
  File "/usr/local/lib/python3.11/site-packages/django/views/generic/base.py", line 105, in view
    return self.dispatch(request, *args, **kwargs)
           ^^^^^^^^^^^^^^^^^^^^^^^^^^^^^^^^^^^^^^^
  File "/usr/local/lib/python3.11/site-packages/rest_framework/views.py", line 515, in dispatch
    response = self.handle_exception(exc)
               ^^^^^^^^^^^^^^^^^^^^^^^^^^
  File "/usr/local/lib/python3.11/site-packages/rest_framework/views.py", line 475, in handle_exception
    self.raise_uncaught_exception(exc)
  File "/usr/local/lib/python3.11/site-packages/rest_framework/views.py", line 486, in raise_uncaught_exception
    raise exc
  File "/usr/local/lib/python3.11/site-packages/rest_framework/views.py", line 512, in dispatch
    response = handler(request, *args, **kwargs)
               ^^^^^^^^^^^^^^^^^^^^^^^^^^^^^^^^^
  File "/app/auth_service/views.py", line 305, in post
    UserActivity.objects.create(
  File "/usr/local/lib/python3.11/site-packages/django/db/models/manager.py", line 87, in manager_method
    return getattr(self.get_queryset(), name)(*args, **kwargs)
           ^^^^^^^^^^^^^^^^^^^^^^^^^^^^^^^^^^^^^^^^^^^^^^^^^^^
  File "/usr/local/lib/python3.11/site-packages/django/db/models/query.py", line 663, in create
    obj.save(force_insert=True, using=self.db)
  File "/usr/local/lib/python3.11/site-packages/django/db/models/base.py", line 902, in save
    self.save_base(
  File "/usr/local/lib/python3.11/site-packages/django/db/models/base.py", line 1008, in save_base
    updated = self._save_table(
              ^^^^^^^^^^^^^^^^^
  File "/usr/local/lib/python3.11/site-packages/django/db/models/base.py", line 1169, in _save_table
    results = self._do_insert(
              ^^^^^^^^^^^^^^^^
  File "/usr/local/lib/python3.11/site-packages/django/db/models/base.py", line 1210, in _do_insert
    return manager._insert(
           ^^^^^^^^^^^^^^^^
  File "/usr/local/lib/python3.11/site-packages/django/db/models/manager.py", line 87, in manager_method
    return getattr(self.get_queryset(), name)(*args, **kwargs)
           ^^^^^^^^^^^^^^^^^^^^^^^^^^^^^^^^^^^^^^^^^^^^^^^^^^^
  File "/usr/local/lib/python3.11/site-packages/django/db/models/query.py", line 1868, in _insert
    return query.get_compiler(using=using).execute_sql(returning_fields)
           ^^^^^^^^^^^^^^^^^^^^^^^^^^^^^^^^^^^^^^^^^^^^^^^^^^^^^^^^^^^^^
  File "/usr/local/lib/python3.11/site-packages/django/db/models/sql/compiler.py", line 1882, in execute_sql
    cursor.execute(sql, params)
  File "/usr/local/lib/python3.11/site-packages/django/db/backends/utils.py", line 122, in execute
    return super().execute(sql, params)
           ^^^^^^^^^^^^^^^^^^^^^^^^^^^^
  File "/usr/local/lib/python3.11/site-packages/django/db/backends/utils.py", line 79, in execute
    return self._execute_with_wrappers(
           ^^^^^^^^^^^^^^^^^^^^^^^^^^^^
  File "/usr/local/lib/python3.11/site-packages/django/db/backends/utils.py", line 92, in _execute_with_wrappers
    return executor(sql, params, many, context)
           ^^^^^^^^^^^^^^^^^^^^^^^^^^^^^^^^^^^^
  File "/usr/local/lib/python3.11/site-packages/django/db/backends/utils.py", line 100, in _execute
    with self.db.wrap_database_errors:
  File "/usr/local/lib/python3.11/site-packages/django/db/utils.py", line 91, in __exit__
    raise dj_exc_value.with_traceback(traceback) from exc_value
  File "/usr/local/lib/python3.11/site-packages/django/db/backends/utils.py", line 105, in _execute
    return self.cursor.execute(sql, params)
           ^^^^^^^^^^^^^^^^^^^^^^^^^^^^^^^^
django.db.utils.ProgrammingError: relation "users_useractivity" does not exist
LINE 1: INSERT INTO "users_useractivity" ("user_id", "tenant_id", "a...
                    ^

2025-09-17 14:47:40 [INFO] users: Login attempts reset for user support@prolianceltd.com in tenant proliance
2025-09-17 14:47:44 [DEBUG] core.views: Tenant from user: proliance
2025-09-17 14:47:44 [INFO] core.views: Retrieving tenant: 3 for tenant proliance
2025-09-17 14:47:44 [DEBUG] core.views: Tenant from user: proliance
2025-09-17 14:47:44 [INFO] core.views: Retrieving tenant: 3 for tenant proliance
2025-09-17 14:47:44 [DEBUG] core.views: Tenant from user: proliance
2025-09-17 14:47:44 [INFO] core.views: Retrieving tenant: 3 for tenant proliance
2025-09-17 14:47:44 [DEBUG] core.views: Tenant from user: proliance
2025-09-17 14:47:44 [INFO] core.views: Retrieving tenant: 3 for tenant proliance
2025-09-17 14:47:44 [DEBUG] core.views: Tenant from user: proliance
2025-09-17 14:47:44 [INFO] core.views: Retrieving tenant: 3 for tenant proliance
2025-09-17 14:47:44 [DEBUG] core.views: Tenant from user: proliance
2025-09-17 14:47:44 [INFO] core.views: Retrieving tenant: 3 for tenant proliance
2025-09-17 14:47:44 [DEBUG] core.views: Tenant from user: proliance
2025-09-17 14:47:44 [INFO] core.views: Retrieving tenant: 3 for tenant proliance
2025-09-17 14:47:45 [DEBUG] core.views: Tenant from user: proliance
2025-09-17 14:47:45 [INFO] core.views: Retrieving tenant: 3 for tenant proliance
2025-09-17 14:47:45 [DEBUG] core.views: Tenant from user: proliance
2025-09-17 14:47:45 [INFO] core.views: Retrieving tenant: 3 for tenant proliance
2025-09-17 14:47:45 [DEBUG] core.views: Tenant from user: proliance
2025-09-17 14:47:45 [INFO] core.views: Retrieving tenant: 3 for tenant proliance
2025-09-17 14:47:45 [DEBUG] core.views: Tenant from user: proliance
2025-09-17 14:47:45 [INFO] core.views: Retrieving tenant: 3 for tenant proliance
2025-09-17 14:47:45 [DEBUG] core.views: Tenant from user: proliance
2025-09-17 14:47:45 [INFO] core.views: Retrieving tenant: 3 for tenant proliance
2025-09-17 14:47:47 [DEBUG] core.views: Tenant from user: proliance
2025-09-17 14:47:47 [INFO] core.views: Retrieving tenant: 3 for tenant proliance
2025-09-17 14:47:47 [DEBUG] core.views: Tenant from user: proliance
2025-09-17 14:47:47 [INFO] core.views: Retrieving tenant: 3 for tenant proliance
2025-09-17 14:47:47 [DEBUG] core.views: Tenant from user: proliance
2025-09-17 14:47:47 [INFO] core.views: Retrieving tenant: 3 for tenant proliance
2025-09-17 14:47:47 [DEBUG] core.views: Tenant from user: proliance
2025-09-17 14:47:47 [INFO] core.views: Retrieving tenant: 3 for tenant proliance
2025-09-17 14:47:47 [DEBUG] core.views: Tenant from user: proliance
2025-09-17 14:47:47 [INFO] core.views: Retrieving tenant: 3 for tenant proliance
2025-09-17 14:47:48 [DEBUG] core.views: Tenant from user: proliance
2025-09-17 14:47:48 [INFO] core.views: Retrieving tenant: 3 for tenant proliance
2025-09-17 14:47:48 [DEBUG] core.views: Tenant from user: proliance
2025-09-17 14:47:48 [INFO] core.views: Retrieving tenant: 3 for tenant proliance
2025-09-17 14:47:48 [DEBUG] core.views: Tenant from user: proliance
2025-09-17 14:47:48 [INFO] core.views: Retrieving tenant: 3 for tenant proliance
2025-09-17 14:47:49 [DEBUG] core.views: Tenant from user: proliance
2025-09-17 14:47:49 [INFO] core.views: Retrieving tenant: 3 for tenant proliance
2025-09-17 14:47:49 [DEBUG] core.views: Tenant from user: proliance
2025-09-17 14:47:49 [INFO] core.views: Retrieving tenant: 3 for tenant proliance
2025-09-17 14:47:49 [DEBUG] core.views: Tenant from user: proliance
2025-09-17 14:47:49 [INFO] core.views: Retrieving tenant: 3 for tenant proliance
2025-09-17 14:47:49 [DEBUG] core.views: Tenant from user: proliance
2025-09-17 14:47:49 [INFO] core.views: Retrieving tenant: 3 for tenant proliance
2025-09-17 14:47:49 [DEBUG] core.views: Tenant from user: proliance
2025-09-17 14:47:49 [INFO] core.views: Retrieving tenant: 3 for tenant proliance
2025-09-17 14:47:52 [DEBUG] core.views: Tenant from user: proliance
2025-09-17 14:47:52 [INFO] core.views: Retrieving tenant: 3 for tenant proliance
2025-09-17 14:47:53 [DEBUG] core.views: Tenant from user: proliance
2025-09-17 14:47:53 [INFO] core.views: Retrieving tenant: 3 for tenant proliance
2025-09-17 14:47:53 [DEBUG] core.views: Tenant from user: proliance
2025-09-17 14:47:53 [INFO] core.views: Retrieving tenant: 3 for tenant proliance
2025-09-17 14:47:53 [DEBUG] core.views: Tenant from user: proliance
2025-09-17 14:47:53 [INFO] core.views: Retrieving tenant: 3 for tenant proliance
2025-09-17 14:47:53 [DEBUG] core.views: Tenant from user: proliance
2025-09-17 14:47:53 [INFO] core.views: Retrieving tenant: 3 for tenant proliance
2025-09-17 14:47:53 [DEBUG] core.views: Tenant from user: proliance
2025-09-17 14:47:53 [INFO] core.views: Retrieving tenant: 3 for tenant proliance
2025-09-17 14:47:53 [DEBUG] core.views: Tenant from user: proliance
2025-09-17 14:47:53 [INFO] core.views: Retrieving tenant: 3 for tenant proliance
2025-09-17 14:47:53 [DEBUG] core.views: Tenant from user: proliance
2025-09-17 14:47:53 [INFO] core.views: Retrieving tenant: 3 for tenant proliance
2025-09-17 14:47:53 [DEBUG] core.views: Tenant from user: proliance
2025-09-17 14:47:53 [INFO] core.views: Retrieving tenant: 3 for tenant proliance
2025-09-17 14:47:53 [INFO] core.views: Created TenantConfig for tenant proliance with default email templates
2025-09-17 14:47:53 [INFO] core.views: Fetched TenantConfig for tenant proliance
2025-09-17 14:47:54 [DEBUG] core.views: Tenant from user: proliance
2025-09-17 14:47:54 [INFO] core.views: Retrieving tenant: 3 for tenant proliance
2025-09-17 14:47:54 [DEBUG] core.views: Tenant from user: proliance
2025-09-17 14:47:54 [INFO] core.views: Retrieving tenant: 3 for tenant proliance
2025-09-17 14:47:54 [DEBUG] core.views: Tenant from user: proliance
2025-09-17 14:47:54 [INFO] core.views: Retrieving tenant: 3 for tenant proliance
2025-09-17 14:47:54 [DEBUG] core.views: Tenant from user: proliance
2025-09-17 14:47:54 [INFO] core.views: Retrieving tenant: 3 for tenant proliance
2025-09-17 14:47:54 [DEBUG] core.views: Tenant from user: proliance
2025-09-17 14:47:54 [INFO] core.views: Retrieving tenant: 3 for tenant proliance
2025-09-17 14:47:54 [DEBUG] core.views: Tenant from user: proliance
2025-09-17 14:47:54 [INFO] core.views: Retrieving tenant: 3 for tenant proliance
2025-09-17 14:47:54 [DEBUG] core.views: Tenant from user: proliance
2025-09-17 14:47:54 [INFO] core.views: Retrieving tenant: 3 for tenant proliance
2025-09-17 14:47:54 [DEBUG] core.views: Tenant from user: proliance
2025-09-17 14:47:54 [INFO] core.views: Retrieving tenant: 3 for tenant proliance
2025-09-17 14:47:54 [DEBUG] core.views: Tenant from user: proliance
2025-09-17 14:47:54 [INFO] core.views: Retrieving tenant: 3 for tenant proliance
2025-09-17 14:47:54 [DEBUG] core.views: Tenant from user: proliance
2025-09-17 14:47:54 [INFO] core.views: Retrieving tenant: 3 for tenant proliance
2025-09-17 14:48:02 [DEBUG] core.views: Tenant from user: proliance
2025-09-17 14:48:02 [INFO] core.views: Retrieving tenant: 3 for tenant proliance
2025-09-17 14:48:06 [DEBUG] core.views: Tenant from user: proliance
2025-09-17 14:48:06 [INFO] core.views: Retrieving tenant: 3 for tenant proliance
2025-09-17 14:48:06 [DEBUG] core.views: Tenant from user: proliance
2025-09-17 14:48:06 [INFO] core.views: Retrieving tenant: 3 for tenant proliance
2025-09-17 14:48:06 [DEBUG] core.views: Tenant from user: proliance
2025-09-17 14:48:06 [INFO] core.views: Retrieving tenant: 3 for tenant proliance
2025-09-17 14:48:06 [DEBUG] core.views: Tenant from user: proliance
2025-09-17 14:48:06 [INFO] core.views: Retrieving tenant: 3 for tenant proliance
2025-09-17 14:48:07 [DEBUG] core.views: Tenant from user: proliance
2025-09-17 14:48:07 [INFO] core.views: Retrieving tenant: 3 for tenant proliance
2025-09-17 14:48:07 [DEBUG] core.views: Tenant from user: proliance
2025-09-17 14:48:07 [INFO] core.views: Retrieving tenant: 3 for tenant proliance
2025-09-17 14:48:07 [DEBUG] core.views: Tenant from user: proliance
2025-09-17 14:48:07 [INFO] core.views: Retrieving tenant: 3 for tenant proliance
2025-09-17 14:48:07 [DEBUG] core.views: Tenant from user: proliance
2025-09-17 14:48:07 [INFO] core.views: Retrieving tenant: 3 for tenant proliance
2025-09-17 14:48:14 [DEBUG] core.views: Tenant from user: proliance
2025-09-17 14:48:14 [INFO] core.views: Retrieving tenant: 3 for tenant proliance
2025-09-17 14:48:21 [DEBUG] core.views: Tenant from user: proliance
2025-09-17 14:48:21 [INFO] core.views: Retrieving tenant: 3 for tenant proliance
2025-09-17 14:48:21 [DEBUG] core.views: Tenant from user: proliance
2025-09-17 14:48:21 [INFO] core.views: Retrieving tenant: 3 for tenant proliance
2025-09-17 14:48:21 [DEBUG] core.views: Tenant from user: proliance
2025-09-17 14:48:21 [INFO] core.views: Retrieving tenant: 3 for tenant proliance
2025-09-17 14:48:21 [DEBUG] core.views: Tenant from user: proliance
2025-09-17 14:48:21 [INFO] core.views: Retrieving tenant: 3 for tenant proliance
2025-09-17 14:48:21 [DEBUG] core.views: Tenant from user: proliance
2025-09-17 14:48:21 [INFO] core.views: Retrieving tenant: 3 for tenant proliance
2025-09-17 14:48:21 [DEBUG] core.views: Tenant from user: proliance
2025-09-17 14:48:21 [INFO] core.views: Retrieving tenant: 3 for tenant proliance
2025-09-17 14:48:21 [DEBUG] core.views: Tenant from user: proliance
2025-09-17 14:48:21 [INFO] core.views: Retrieving tenant: 3 for tenant proliance
2025-09-17 14:48:22 [DEBUG] core.views: Tenant from user: proliance
2025-09-17 14:48:22 [INFO] core.views: Retrieving tenant: 3 for tenant proliance
2025-09-17 14:48:23 [DEBUG] core.views: Tenant from user: proliance
2025-09-17 14:48:23 [INFO] core.views: Retrieving tenant: 3 for tenant proliance
2025-09-17 14:48:24 [DEBUG] core.views: Tenant from user: proliance
2025-09-17 14:48:24 [INFO] core.views: Retrieving tenant: 3 for tenant proliance
2025-09-17 14:48:24 [DEBUG] core.views: Tenant from user: proliance
2025-09-17 14:48:24 [INFO] core.views: Retrieving tenant: 3 for tenant proliance
2025-09-17 14:48:24 [DEBUG] core.views: Tenant from user: proliance
2025-09-17 14:48:24 [INFO] core.views: Retrieving tenant: 3 for tenant proliance
2025-09-17 14:48:25 [DEBUG] core.views: Tenant from user: proliance
2025-09-17 14:48:25 [INFO] core.views: Retrieving tenant: 3 for tenant proliance
2025-09-17 14:48:25 [DEBUG] core.views: Tenant from user: proliance
2025-09-17 14:48:25 [INFO] core.views: Retrieving tenant: 3 for tenant proliance
2025-09-17 14:48:25 [DEBUG] core.views: Tenant from user: proliance
2025-09-17 14:48:25 [INFO] core.views: Retrieving tenant: 3 for tenant proliance
2025-09-17 14:48:25 [DEBUG] core.views: Tenant from user: proliance
2025-09-17 14:48:25 [INFO] core.views: Retrieving tenant: 3 for tenant proliance
2025-09-17 14:48:25 [DEBUG] core.views: Tenant from user: proliance
2025-09-17 14:48:25 [INFO] core.views: Retrieving tenant: 3 for tenant proliance
2025-09-17 14:48:26 [DEBUG] core.views: Tenant from user: proliance
2025-09-17 14:48:26 [INFO] core.views: Retrieving tenant: 3 for tenant proliance
2025-09-17 14:48:33 [DEBUG] core.views: Tenant from user: proliance
2025-09-17 14:48:33 [INFO] core.views: Retrieving tenant: 3 for tenant proliance
2025-09-17 14:48:44 [DEBUG] core.views: Tenant from user: proliance
2025-09-17 14:48:44 [INFO] core.views: Retrieving tenant: 3 for tenant proliance
2025-09-17 14:48:47 [INFO] core.views: Fetched TenantConfig for tenant proliance
2025-09-17 14:48:47 [DEBUG] core.views: Tenant from user: proliance
2025-09-17 14:48:47 [INFO] core.views: Retrieving tenant: 3 for tenant proliance
2025-09-17 14:48:47 [DEBUG] core.views: Tenant from user: proliance
2025-09-17 14:48:47 [INFO] core.views: Retrieving tenant: 3 for tenant proliance
2025-09-17 14:48:48 [DEBUG] core.views: Tenant from user: proliance
2025-09-17 14:48:48 [INFO] core.views: Retrieving tenant: 3 for tenant proliance
2025-09-17 14:48:48 [DEBUG] core.views: Tenant from user: proliance
2025-09-17 14:48:48 [INFO] core.views: Retrieving tenant: 3 for tenant proliance
2025-09-17 14:48:48 [DEBUG] core.views: Tenant from user: proliance
2025-09-17 14:48:48 [INFO] core.views: Retrieving tenant: 3 for tenant proliance
2025-09-17 14:48:48 [INFO] core.views: Fetched TenantConfig for tenant proliance
2025-09-17 14:48:48 [DEBUG] core.views: Tenant from user: proliance
2025-09-17 14:48:48 [INFO] core.views: Retrieving tenant: 3 for tenant proliance
2025-09-17 14:48:48 [DEBUG] core.views: Tenant from user: proliance
2025-09-17 14:48:48 [INFO] core.views: Retrieving tenant: 3 for tenant proliance
2025-09-17 14:48:48 [DEBUG] core.views: Tenant from user: proliance
2025-09-17 14:48:48 [INFO] core.views: Retrieving tenant: 3 for tenant proliance
2025-09-17 14:48:49 [DEBUG] core.views: Tenant from user: proliance
2025-09-17 14:48:49 [INFO] core.views: Retrieving tenant: 3 for tenant proliance
2025-09-17 14:48:49 [DEBUG] core.views: Tenant from user: proliance
2025-09-17 14:48:49 [INFO] core.views: Retrieving tenant: 3 for tenant proliance
2025-09-17 14:48:50 [DEBUG] core.views: Tenant from user: proliance
2025-09-17 14:48:50 [INFO] core.views: Retrieving tenant: 3 for tenant proliance
2025-09-17 14:48:50 [DEBUG] core.views: Tenant from user: proliance
2025-09-17 14:48:50 [INFO] core.views: Retrieving tenant: 3 for tenant proliance
2025-09-17 14:48:50 [DEBUG] core.views: Tenant from user: proliance
2025-09-17 14:48:50 [INFO] core.views: Retrieving tenant: 3 for tenant proliance
2025-09-17 14:48:50 [DEBUG] core.views: Tenant from user: proliance
2025-09-17 14:48:50 [INFO] core.views: Retrieving tenant: 3 for tenant proliance
2025-09-17 14:48:51 [DEBUG] core.views: Tenant from user: proliance
2025-09-17 14:48:51 [INFO] core.views: Retrieving tenant: 3 for tenant proliance
2025-09-17 14:48:51 [DEBUG] core.views: Tenant from user: proliance
2025-09-17 14:48:51 [INFO] core.views: Retrieving tenant: 3 for tenant proliance
2025-09-17 14:48:51 [DEBUG] core.views: Tenant from user: proliance
2025-09-17 14:48:51 [INFO] core.views: Retrieving tenant: 3 for tenant proliance
2025-09-17 14:48:51 [DEBUG] core.views: Tenant from user: proliance
2025-09-17 14:48:51 [INFO] core.views: Retrieving tenant: 3 for tenant proliance
2025-09-17 14:48:53 [DEBUG] core.views: Tenant from user: proliance
2025-09-17 14:48:53 [INFO] core.views: Retrieving tenant: 3 for tenant proliance
2025-09-17 14:48:56 [DEBUG] core.views: Tenant from user: proliance
2025-09-17 14:48:56 [INFO] core.views: Retrieving tenant: 3 for tenant proliance
2025-09-17 14:48:56 [DEBUG] core.views: Tenant from user: proliance
2025-09-17 14:48:56 [INFO] core.views: Retrieving tenant: 3 for tenant proliance
2025-09-17 14:48:56 [DEBUG] core.views: Tenant from user: proliance
2025-09-17 14:48:56 [INFO] core.views: Retrieving tenant: 3 for tenant proliance
2025-09-17 14:48:56 [DEBUG] core.views: Tenant from user: proliance
2025-09-17 14:48:56 [INFO] core.views: Retrieving tenant: 3 for tenant proliance
2025-09-17 14:48:56 [DEBUG] core.views: Tenant from user: proliance
2025-09-17 14:48:56 [INFO] core.views: Retrieving tenant: 3 for tenant proliance
2025-09-17 14:48:56 [DEBUG] core.views: Tenant from user: proliance
2025-09-17 14:48:56 [INFO] core.views: Retrieving tenant: 3 for tenant proliance
2025-09-17 14:48:56 [DEBUG] core.views: Tenant from user: proliance
2025-09-17 14:48:56 [INFO] core.views: Retrieving tenant: 3 for tenant proliance
2025-09-17 14:48:56 [DEBUG] core.views: Tenant from user: proliance
2025-09-17 14:48:56 [INFO] core.views: Retrieving tenant: 3 for tenant proliance
2025-09-17 14:49:03 [DEBUG] core.views: Tenant from user: proliance
2025-09-17 14:49:03 [INFO] core.views: Retrieving tenant: 3 for tenant proliance
2025-09-17 14:49:14 [DEBUG] core.views: Tenant from user: proliance
2025-09-17 14:49:14 [INFO] core.views: Retrieving tenant: 3 for tenant proliance
2025-09-17 14:49:24 [DEBUG] core.views: Tenant from user: proliance
2025-09-17 14:49:24 [INFO] core.views: Retrieving tenant: 3 for tenant proliance
2025-09-17 14:49:33 [DEBUG] core.views: Tenant from user: proliance
2025-09-17 14:49:33 [INFO] core.views: Retrieving tenant: 3 for tenant proliance
2025-09-17 14:49:45 [DEBUG] core.views: Tenant from user: proliance
2025-09-17 14:49:45 [INFO] core.views: Retrieving tenant: 3 for tenant proliance
2025-09-17 14:49:47 [DEBUG] core.views: Tenant from user: proliance
2025-09-17 14:49:47 [INFO] core.views: Retrieving tenant: 3 for tenant proliance
2025-09-17 14:49:47 [DEBUG] core.views: Tenant from user: proliance
2025-09-17 14:49:47 [INFO] core.views: Retrieving tenant: 3 for tenant proliance
2025-09-17 14:49:48 [DEBUG] core.views: Tenant from user: proliance
2025-09-17 14:49:48 [INFO] core.views: Retrieving tenant: 3 for tenant proliance
2025-09-17 14:49:48 [DEBUG] core.views: Tenant from user: proliance
2025-09-17 14:49:48 [INFO] core.views: Retrieving tenant: 3 for tenant proliance
2025-09-17 14:49:54 [DEBUG] core.views: Tenant from user: proliance
2025-09-17 14:49:54 [INFO] core.views: Retrieving tenant: 3 for tenant proliance
2025-09-17 14:50:03 [DEBUG] core.views: Tenant from user: proliance
2025-09-17 14:50:03 [INFO] core.views: Retrieving tenant: 3 for tenant proliance
2025-09-17 14:50:12 [DEBUG] core.views: Tenant from user: proliance
2025-09-17 14:50:12 [INFO] core.views: Retrieving tenant: 3 for tenant proliance
2025-09-17 14:50:36 [DEBUG] core.views: Tenant from user: proliance
2025-09-17 14:50:36 [INFO] core.views: Retrieving tenant: 3 for tenant proliance
2025-09-17 14:50:36 [DEBUG] core.views: Tenant from user: proliance
2025-09-17 14:50:36 [INFO] core.views: Retrieving tenant: 3 for tenant proliance
2025-09-17 14:50:36 [DEBUG] core.views: Tenant from user: proliance
2025-09-17 14:50:36 [INFO] core.views: Retrieving tenant: 3 for tenant proliance
2025-09-17 14:50:36 [DEBUG] core.views: Tenant from user: proliance
2025-09-17 14:50:36 [INFO] core.views: Retrieving tenant: 3 for tenant proliance
2025-09-17 14:50:44 [DEBUG] core.views: Tenant from user: proliance
2025-09-17 14:50:44 [INFO] core.views: Retrieving tenant: 3 for tenant proliance
2025-09-17 14:51:27 [DEBUG] core.views: Tenant from user: proliance
2025-09-17 14:51:27 [INFO] core.views: Retrieving tenant: 3 for tenant proliance
2025-09-17 14:51:27 [DEBUG] core.views: Tenant from user: proliance
2025-09-17 14:51:27 [INFO] core.views: Retrieving tenant: 3 for tenant proliance
2025-09-17 14:51:27 [DEBUG] core.views: Tenant from user: proliance
2025-09-17 14:51:27 [INFO] core.views: Retrieving tenant: 3 for tenant proliance
2025-09-17 14:51:27 [DEBUG] core.views: Tenant from user: proliance
2025-09-17 14:51:27 [INFO] core.views: Retrieving tenant: 3 for tenant proliance
2025-09-17 14:51:45 [DEBUG] core.views: Tenant from user: proliance
2025-09-17 14:51:45 [INFO] core.views: Retrieving tenant: 3 for tenant proliance
2025-09-17 14:52:16 [DEBUG] core.views: Tenant from user: proliance
2025-09-17 14:52:16 [INFO] core.views: Retrieving tenant: 3 for tenant proliance
2025-09-17 14:52:16 [DEBUG] core.views: Tenant from user: proliance
2025-09-17 14:52:16 [INFO] core.views: Retrieving tenant: 3 for tenant proliance
2025-09-17 14:52:16 [DEBUG] core.views: Tenant from user: proliance
2025-09-17 14:52:16 [INFO] core.views: Retrieving tenant: 3 for tenant proliance
2025-09-17 14:52:16 [DEBUG] core.views: Tenant from user: proliance
2025-09-17 14:52:16 [INFO] core.views: Retrieving tenant: 3 for tenant proliance
2025-09-17 14:52:45 [DEBUG] core.views: Tenant from user: proliance
2025-09-17 14:52:45 [INFO] core.views: Retrieving tenant: 3 for tenant proliance
2025-09-17 14:53:07 [DEBUG] core.views: Tenant from user: proliance
2025-09-17 14:53:07 [INFO] core.views: Retrieving tenant: 3 for tenant proliance
2025-09-17 14:53:07 [DEBUG] core.views: Tenant from user: proliance
2025-09-17 14:53:07 [INFO] core.views: Retrieving tenant: 3 for tenant proliance
2025-09-17 14:53:07 [DEBUG] core.views: Tenant from user: proliance
2025-09-17 14:53:07 [INFO] core.views: Retrieving tenant: 3 for tenant proliance
2025-09-17 14:53:07 [DEBUG] core.views: Tenant from user: proliance
2025-09-17 14:53:07 [INFO] core.views: Retrieving tenant: 3 for tenant proliance
2025-09-17 14:53:46 [DEBUG] core.views: Tenant from user: proliance
2025-09-17 14:53:46 [INFO] core.views: Retrieving tenant: 3 for tenant proliance
2025-09-17 14:53:56 [DEBUG] core.views: Tenant from user: proliance
2025-09-17 14:53:56 [INFO] core.views: Retrieving tenant: 3 for tenant proliance
2025-09-17 14:53:56 [DEBUG] core.views: Tenant from user: proliance
2025-09-17 14:53:56 [INFO] core.views: Retrieving tenant: 3 for tenant proliance
2025-09-17 14:53:56 [DEBUG] core.views: Tenant from user: proliance
2025-09-17 14:53:56 [INFO] core.views: Retrieving tenant: 3 for tenant proliance
2025-09-17 14:53:56 [DEBUG] core.views: Tenant from user: proliance
2025-09-17 14:53:56 [INFO] core.views: Retrieving tenant: 3 for tenant proliance
2025-09-17 14:54:46 [DEBUG] core.views: Tenant from user: proliance
2025-09-17 14:54:46 [INFO] core.views: Retrieving tenant: 3 for tenant proliance
2025-09-17 14:55:46 [DEBUG] core.views: Tenant from user: proliance
2025-09-17 14:55:46 [INFO] core.views: Retrieving tenant: 3 for tenant proliance
2025-09-17 14:55:46 [DEBUG] core.views: Tenant from user: proliance
2025-09-17 14:55:46 [INFO] core.views: Retrieving tenant: 3 for tenant proliance
2025-09-17 14:55:47 [DEBUG] core.views: Tenant from user: proliance
2025-09-17 14:55:47 [INFO] core.views: Retrieving tenant: 3 for tenant proliance
2025-09-17 14:55:47 [DEBUG] core.views: Tenant from user: proliance
2025-09-17 14:55:47 [INFO] core.views: Retrieving tenant: 3 for tenant proliance
2025-09-17 14:55:47 [DEBUG] core.views: Tenant from user: proliance
2025-09-17 14:55:47 [INFO] core.views: Retrieving tenant: 3 for tenant proliance
2025-09-17 14:56:47 [DEBUG] core.views: Tenant from user: proliance
2025-09-17 14:56:47 [INFO] core.views: Retrieving tenant: 3 for tenant proliance
2025-09-17 14:56:47 [DEBUG] core.views: Tenant from user: proliance
2025-09-17 14:56:47 [INFO] core.views: Retrieving tenant: 3 for tenant proliance
2025-09-17 14:56:47 [DEBUG] core.views: Tenant from user: proliance
2025-09-17 14:56:47 [INFO] core.views: Retrieving tenant: 3 for tenant proliance
2025-09-17 14:56:47 [DEBUG] core.views: Tenant from user: proliance
2025-09-17 14:56:47 [INFO] core.views: Retrieving tenant: 3 for tenant proliance
2025-09-17 14:56:47 [DEBUG] core.views: Tenant from user: proliance
2025-09-17 14:56:47 [INFO] core.views: Retrieving tenant: 3 for tenant proliance
2025-09-17 14:57:44 [DEBUG] core.views: Tenant from user: proliance
2025-09-17 14:57:44 [INFO] core.views: Retrieving tenant: 3 for tenant proliance
2025-09-17 14:57:45 [DEBUG] core.views: Tenant from user: proliance
2025-09-17 14:57:45 [INFO] core.views: Retrieving tenant: 3 for tenant proliance
2025-09-17 14:57:45 [DEBUG] core.views: Tenant from user: proliance
2025-09-17 14:57:45 [INFO] core.views: Retrieving tenant: 3 for tenant proliance
2025-09-17 14:57:45 [DEBUG] core.views: Tenant from user: proliance
2025-09-17 14:57:45 [INFO] core.views: Retrieving tenant: 3 for tenant proliance
2025-09-17 14:57:45 [DEBUG] core.views: Tenant from user: proliance
2025-09-17 14:57:45 [INFO] core.views: Retrieving tenant: 3 for tenant proliance
2025-09-17 14:58:45 [DEBUG] core.views: Tenant from user: proliance
2025-09-17 14:58:45 [INFO] core.views: Retrieving tenant: 3 for tenant proliance
2025-09-17 14:58:45 [DEBUG] core.views: Tenant from user: proliance
2025-09-17 14:58:45 [INFO] core.views: Retrieving tenant: 3 for tenant proliance
2025-09-17 14:58:45 [DEBUG] core.views: Tenant from user: proliance
2025-09-17 14:58:45 [INFO] core.views: Retrieving tenant: 3 for tenant proliance
2025-09-17 14:58:45 [DEBUG] core.views: Tenant from user: proliance
2025-09-17 14:58:45 [INFO] core.views: Retrieving tenant: 3 for tenant proliance
2025-09-17 14:58:45 [DEBUG] core.views: Tenant from user: proliance
2025-09-17 14:58:45 [INFO] core.views: Retrieving tenant: 3 for tenant proliance
2025-09-17 14:59:45 [DEBUG] core.views: Tenant from user: proliance
2025-09-17 14:59:45 [INFO] core.views: Retrieving tenant: 3 for tenant proliance
2025-09-17 14:59:45 [DEBUG] core.views: Tenant from user: proliance
2025-09-17 14:59:45 [INFO] core.views: Retrieving tenant: 3 for tenant proliance
2025-09-17 14:59:45 [DEBUG] core.views: Tenant from user: proliance
2025-09-17 14:59:45 [INFO] core.views: Retrieving tenant: 3 for tenant proliance
2025-09-17 14:59:45 [DEBUG] core.views: Tenant from user: proliance
2025-09-17 14:59:45 [INFO] core.views: Retrieving tenant: 3 for tenant proliance
2025-09-17 14:59:46 [DEBUG] core.views: Tenant from user: proliance
2025-09-17 14:59:46 [INFO] core.views: Retrieving tenant: 3 for tenant proliance
2025-09-17 15:00:46 [DEBUG] core.views: Tenant from user: proliance
2025-09-17 15:00:46 [INFO] core.views: Retrieving tenant: 3 for tenant proliance
2025-09-17 15:00:46 [DEBUG] core.views: Tenant from user: proliance
2025-09-17 15:00:46 [INFO] core.views: Retrieving tenant: 3 for tenant proliance
2025-09-17 15:00:46 [DEBUG] core.views: Tenant from user: proliance
2025-09-17 15:00:46 [INFO] core.views: Retrieving tenant: 3 for tenant proliance
2025-09-17 15:00:46 [DEBUG] core.views: Tenant from user: proliance
2025-09-17 15:00:46 [INFO] core.views: Retrieving tenant: 3 for tenant proliance
2025-09-17 15:00:46 [DEBUG] core.views: Tenant from user: proliance
2025-09-17 15:00:46 [INFO] core.views: Retrieving tenant: 3 for tenant proliance
2025-09-17 15:01:46 [DEBUG] core.views: Tenant from user: proliance
2025-09-17 15:01:46 [INFO] core.views: Retrieving tenant: 3 for tenant proliance
2025-09-17 15:01:46 [DEBUG] core.views: Tenant from user: proliance
2025-09-17 15:01:46 [INFO] core.views: Retrieving tenant: 3 for tenant proliance
2025-09-17 15:01:46 [DEBUG] core.views: Tenant from user: proliance
2025-09-17 15:01:46 [INFO] core.views: Retrieving tenant: 3 for tenant proliance
2025-09-17 15:01:46 [DEBUG] core.views: Tenant from user: proliance
2025-09-17 15:01:46 [INFO] core.views: Retrieving tenant: 3 for tenant proliance
2025-09-17 15:01:46 [DEBUG] core.views: Tenant from user: proliance
2025-09-17 15:01:46 [INFO] core.views: Retrieving tenant: 3 for tenant proliance
2025-09-17 15:02:30 [DEBUG] core.views: Tenant from user: proliance
2025-09-17 15:02:30 [INFO] core.views: Retrieving tenant: 3 for tenant proliance
2025-09-17 15:02:30 [DEBUG] core.views: Tenant from user: proliance
2025-09-17 15:02:30 [INFO] core.views: Retrieving tenant: 3 for tenant proliance
2025-09-17 15:02:31 [DEBUG] core.views: Tenant from user: proliance
2025-09-17 15:02:31 [INFO] core.views: Retrieving tenant: 3 for tenant proliance
2025-09-17 15:02:31 [DEBUG] core.views: Tenant from user: proliance
2025-09-17 15:02:31 [INFO] core.views: Retrieving tenant: 3 for tenant proliance
2025-09-17 15:02:31 [DEBUG] core.views: Tenant from user: proliance
2025-09-17 15:02:31 [INFO] core.views: Retrieving tenant: 3 for tenant proliance
2025-09-17 15:02:33 [DEBUG] core.views: Tenant from user: proliance
2025-09-17 15:02:33 [INFO] core.views: Retrieving tenant: 3 for tenant proliance
2025-09-17 15:02:44 [WARNING] django.request: Forbidden: /api/public-key/d1871450ba844eacaf240254e4ff55ca/
2025-09-17 15:02:45 [ERROR] django.request: Internal Server Error: /api/token/refresh/
Traceback (most recent call last):
  File "/usr/local/lib/python3.11/site-packages/django/db/backends/utils.py", line 105, in _execute
    return self.cursor.execute(sql, params)
           ^^^^^^^^^^^^^^^^^^^^^^^^^^^^^^^^
psycopg2.errors.UndefinedTable: relation "users_rsakeypair" does not exist
LINE 1: ...r"."updated_at", "users_rsakeypair"."active" FROM "users_rsa...
                                                             ^


The above exception was the direct cause of the following exception:

Traceback (most recent call last):
  File "/app/auth_service/views.py", line 233, in post
    payload = decode_rsa_jwt(refresh_token)
              ^^^^^^^^^^^^^^^^^^^^^^^^^^^^^
  File "/app/auth_service/utils/jwt_rsa.py", line 112, in decode_rsa_jwt
    keypair = RSAKeyPair.objects.filter(kid=kid, active=True).first()
              ^^^^^^^^^^^^^^^^^^^^^^^^^^^^^^^^^^^^^^^^^^^^^^^^^^^^^^^
  File "/usr/local/lib/python3.11/site-packages/django/db/models/query.py", line 1104, in first
    for obj in queryset[:1]:
  File "/usr/local/lib/python3.11/site-packages/django/db/models/query.py", line 384, in __iter__
    self._fetch_all()
  File "/usr/local/lib/python3.11/site-packages/django/db/models/query.py", line 1949, in _fetch_all
    self._result_cache = list(self._iterable_class(self))
                         ^^^^^^^^^^^^^^^^^^^^^^^^^^^^^^^^
  File "/usr/local/lib/python3.11/site-packages/django/db/models/query.py", line 91, in __iter__
    results = compiler.execute_sql(
              ^^^^^^^^^^^^^^^^^^^^^
  File "/usr/local/lib/python3.11/site-packages/django/db/models/sql/compiler.py", line 1623, in execute_sql
    cursor.execute(sql, params)
  File "/usr/local/lib/python3.11/site-packages/django/db/backends/utils.py", line 122, in execute
    return super().execute(sql, params)
           ^^^^^^^^^^^^^^^^^^^^^^^^^^^^
  File "/usr/local/lib/python3.11/site-packages/django/db/backends/utils.py", line 79, in execute
    return self._execute_with_wrappers(
           ^^^^^^^^^^^^^^^^^^^^^^^^^^^^
  File "/usr/local/lib/python3.11/site-packages/django/db/backends/utils.py", line 92, in _execute_with_wrappers
    return executor(sql, params, many, context)
           ^^^^^^^^^^^^^^^^^^^^^^^^^^^^^^^^^^^^
  File "/usr/local/lib/python3.11/site-packages/django/db/backends/utils.py", line 100, in _execute
    with self.db.wrap_database_errors:
  File "/usr/local/lib/python3.11/site-packages/django/db/utils.py", line 91, in __exit__
    raise dj_exc_value.with_traceback(traceback) from exc_value
  File "/usr/local/lib/python3.11/site-packages/django/db/backends/utils.py", line 105, in _execute
    return self.cursor.execute(sql, params)
           ^^^^^^^^^^^^^^^^^^^^^^^^^^^^^^^^
django.db.utils.ProgrammingError: relation "users_rsakeypair" does not exist
LINE 1: ...r"."updated_at", "users_rsakeypair"."active" FROM "users_rsa...
                                                             ^


During handling of the above exception, another exception occurred:

Traceback (most recent call last):
  File "/usr/local/lib/python3.11/site-packages/django/db/backends/utils.py", line 105, in _execute
    return self.cursor.execute(sql, params)
           ^^^^^^^^^^^^^^^^^^^^^^^^^^^^^^^^
psycopg2.errors.UndefinedTable: relation "users_useractivity" does not exist
LINE 1: INSERT INTO "users_useractivity" ("user_id", "tenant_id", "a...
                    ^


The above exception was the direct cause of the following exception:

Traceback (most recent call last):
  File "/usr/local/lib/python3.11/site-packages/django/core/handlers/exception.py", line 55, in inner
    response = get_response(request)
               ^^^^^^^^^^^^^^^^^^^^^
  File "/usr/local/lib/python3.11/site-packages/django/core/handlers/base.py", line 197, in _get_response
    response = wrapped_callback(request, *callback_args, **callback_kwargs)
               ^^^^^^^^^^^^^^^^^^^^^^^^^^^^^^^^^^^^^^^^^^^^^^^^^^^^^^^^^^^^
  File "/usr/local/lib/python3.11/site-packages/django/views/decorators/csrf.py", line 65, in _view_wrapper
    return view_func(request, *args, **kwargs)
           ^^^^^^^^^^^^^^^^^^^^^^^^^^^^^^^^^^^
  File "/usr/local/lib/python3.11/site-packages/django/views/generic/base.py", line 105, in view
    return self.dispatch(request, *args, **kwargs)
           ^^^^^^^^^^^^^^^^^^^^^^^^^^^^^^^^^^^^^^^
  File "/usr/local/lib/python3.11/site-packages/rest_framework/views.py", line 515, in dispatch
    response = self.handle_exception(exc)
               ^^^^^^^^^^^^^^^^^^^^^^^^^^
  File "/usr/local/lib/python3.11/site-packages/rest_framework/views.py", line 475, in handle_exception
    self.raise_uncaught_exception(exc)
  File "/usr/local/lib/python3.11/site-packages/rest_framework/views.py", line 486, in raise_uncaught_exception
    raise exc
  File "/usr/local/lib/python3.11/site-packages/rest_framework/views.py", line 512, in dispatch
    response = handler(request, *args, **kwargs)
               ^^^^^^^^^^^^^^^^^^^^^^^^^^^^^^^^^
  File "/app/auth_service/views.py", line 305, in post
    UserActivity.objects.create(
  File "/usr/local/lib/python3.11/site-packages/django/db/models/manager.py", line 87, in manager_method
    return getattr(self.get_queryset(), name)(*args, **kwargs)
           ^^^^^^^^^^^^^^^^^^^^^^^^^^^^^^^^^^^^^^^^^^^^^^^^^^^
  File "/usr/local/lib/python3.11/site-packages/django/db/models/query.py", line 663, in create
    obj.save(force_insert=True, using=self.db)
  File "/usr/local/lib/python3.11/site-packages/django/db/models/base.py", line 902, in save
    self.save_base(
  File "/usr/local/lib/python3.11/site-packages/django/db/models/base.py", line 1008, in save_base
    updated = self._save_table(
              ^^^^^^^^^^^^^^^^^
  File "/usr/local/lib/python3.11/site-packages/django/db/models/base.py", line 1169, in _save_table
    results = self._do_insert(
              ^^^^^^^^^^^^^^^^
  File "/usr/local/lib/python3.11/site-packages/django/db/models/base.py", line 1210, in _do_insert
    return manager._insert(
           ^^^^^^^^^^^^^^^^
  File "/usr/local/lib/python3.11/site-packages/django/db/models/manager.py", line 87, in manager_method
    return getattr(self.get_queryset(), name)(*args, **kwargs)
           ^^^^^^^^^^^^^^^^^^^^^^^^^^^^^^^^^^^^^^^^^^^^^^^^^^^
  File "/usr/local/lib/python3.11/site-packages/django/db/models/query.py", line 1868, in _insert
    return query.get_compiler(using=using).execute_sql(returning_fields)
           ^^^^^^^^^^^^^^^^^^^^^^^^^^^^^^^^^^^^^^^^^^^^^^^^^^^^^^^^^^^^^
  File "/usr/local/lib/python3.11/site-packages/django/db/models/sql/compiler.py", line 1882, in execute_sql
    cursor.execute(sql, params)
  File "/usr/local/lib/python3.11/site-packages/django/db/backends/utils.py", line 122, in execute
    return super().execute(sql, params)
           ^^^^^^^^^^^^^^^^^^^^^^^^^^^^
  File "/usr/local/lib/python3.11/site-packages/django/db/backends/utils.py", line 79, in execute
    return self._execute_with_wrappers(
           ^^^^^^^^^^^^^^^^^^^^^^^^^^^^
  File "/usr/local/lib/python3.11/site-packages/django/db/backends/utils.py", line 92, in _execute_with_wrappers
    return executor(sql, params, many, context)
           ^^^^^^^^^^^^^^^^^^^^^^^^^^^^^^^^^^^^
  File "/usr/local/lib/python3.11/site-packages/django/db/backends/utils.py", line 100, in _execute
    with self.db.wrap_database_errors:
  File "/usr/local/lib/python3.11/site-packages/django/db/utils.py", line 91, in __exit__
    raise dj_exc_value.with_traceback(traceback) from exc_value
  File "/usr/local/lib/python3.11/site-packages/django/db/backends/utils.py", line 105, in _execute
    return self.cursor.execute(sql, params)
           ^^^^^^^^^^^^^^^^^^^^^^^^^^^^^^^^
django.db.utils.ProgrammingError: relation "users_useractivity" does not exist
LINE 1: INSERT INTO "users_useractivity" ("user_id", "tenant_id", "a...
                    ^

2025-09-17 15:28:38 [INFO] users: Login attempts reset for user support@prolianceltd.com in tenant proliance
2025-09-17 15:28:40 [DEBUG] core.views: Tenant from user: proliance
2025-09-17 15:28:40 [INFO] core.views: Retrieving tenant: 3 for tenant proliance
2025-09-17 15:28:40 [DEBUG] core.views: Tenant from user: proliance
2025-09-17 15:28:40 [INFO] core.views: Retrieving tenant: 3 for tenant proliance
2025-09-17 15:28:40 [DEBUG] core.views: Tenant from user: proliance
2025-09-17 15:28:40 [INFO] core.views: Retrieving tenant: 3 for tenant proliance
2025-09-17 15:28:40 [DEBUG] core.views: Tenant from user: proliance
2025-09-17 15:28:40 [INFO] core.views: Retrieving tenant: 3 for tenant proliance
2025-09-17 15:28:41 [DEBUG] core.views: Tenant from user: proliance
2025-09-17 15:28:41 [INFO] core.views: Retrieving tenant: 3 for tenant proliance
2025-09-17 15:28:41 [DEBUG] core.views: Tenant from user: proliance
2025-09-17 15:28:41 [INFO] core.views: Retrieving tenant: 3 for tenant proliance
2025-09-17 15:28:41 [DEBUG] core.views: Tenant from user: proliance
2025-09-17 15:28:41 [INFO] core.views: Retrieving tenant: 3 for tenant proliance
2025-09-17 15:28:41 [DEBUG] core.views: Tenant from user: proliance
2025-09-17 15:28:41 [INFO] core.views: Retrieving tenant: 3 for tenant proliance
2025-09-17 15:28:41 [DEBUG] core.views: Tenant from user: proliance
2025-09-17 15:28:41 [INFO] core.views: Retrieving tenant: 3 for tenant proliance
2025-09-17 15:28:41 [DEBUG] core.views: Tenant from user: proliance
2025-09-17 15:28:41 [INFO] core.views: Retrieving tenant: 3 for tenant proliance
2025-09-17 15:28:41 [DEBUG] core.views: Tenant from user: proliance
2025-09-17 15:28:41 [INFO] core.views: Retrieving tenant: 3 for tenant proliance
2025-09-17 15:28:41 [DEBUG] core.views: Tenant from user: proliance
2025-09-17 15:28:41 [INFO] core.views: Retrieving tenant: 3 for tenant proliance
2025-09-17 15:28:43 [DEBUG] core.views: Tenant from user: proliance
2025-09-17 15:28:43 [INFO] core.views: Retrieving tenant: 3 for tenant proliance
2025-09-17 15:28:43 [DEBUG] core.views: Tenant from user: proliance
2025-09-17 15:28:43 [INFO] core.views: Retrieving tenant: 3 for tenant proliance
2025-09-17 15:28:44 [DEBUG] core.views: Tenant from user: proliance
2025-09-17 15:28:44 [INFO] core.views: Retrieving tenant: 3 for tenant proliance
2025-09-17 15:28:44 [DEBUG] core.views: Tenant from user: proliance
2025-09-17 15:28:44 [INFO] core.views: Retrieving tenant: 3 for tenant proliance
2025-09-17 15:28:44 [DEBUG] core.views: Tenant from user: proliance
2025-09-17 15:28:44 [INFO] core.views: Retrieving tenant: 3 for tenant proliance
2025-09-17 15:28:44 [DEBUG] core.views: Tenant from user: proliance
2025-09-17 15:28:44 [INFO] core.views: Retrieving tenant: 3 for tenant proliance
2025-09-17 15:28:44 [DEBUG] core.views: Tenant from user: proliance
2025-09-17 15:28:44 [INFO] core.views: Retrieving tenant: 3 for tenant proliance
2025-09-17 15:28:44 [DEBUG] core.views: Tenant from user: proliance
2025-09-17 15:28:44 [INFO] core.views: Retrieving tenant: 3 for tenant proliance
2025-09-17 15:28:44 [DEBUG] core.views: Tenant from user: proliance
2025-09-17 15:28:44 [INFO] core.views: Retrieving tenant: 3 for tenant proliance
2025-09-17 15:28:44 [DEBUG] core.views: Tenant from user: proliance
2025-09-17 15:28:44 [INFO] core.views: Retrieving tenant: 3 for tenant proliance
2025-09-17 15:28:44 [INFO] core.views: Fetched TenantConfig for tenant proliance
2025-09-17 15:28:44 [INFO] core.views: Fetched TenantConfig for tenant proliance
2025-09-17 15:28:49 [DEBUG] core.views: Tenant from user: proliance
2025-09-17 15:28:49 [INFO] core.views: Retrieving tenant: 3 for tenant proliance
2025-09-17 15:28:58 [DEBUG] core.views: Tenant from user: proliance
2025-09-17 15:28:58 [INFO] core.views: Retrieving tenant: 3 for tenant proliance
2025-09-17 15:29:11 [DEBUG] core.views: Tenant from user: proliance
2025-09-17 15:29:11 [INFO] core.views: Retrieving tenant: 3 for tenant proliance
2025-09-17 15:29:20 [DEBUG] core.views: Tenant from user: proliance
2025-09-17 15:29:20 [INFO] core.views: Retrieving tenant: 3 for tenant proliance
2025-09-17 15:29:29 [DEBUG] core.views: Tenant from user: proliance
2025-09-17 15:29:29 [INFO] core.views: Retrieving tenant: 3 for tenant proliance
2025-09-17 15:29:41 [DEBUG] core.views: Tenant from user: proliance
2025-09-17 15:29:41 [INFO] core.views: Retrieving tenant: 3 for tenant proliance
2025-09-17 15:29:50 [DEBUG] core.views: Tenant from user: proliance
2025-09-17 15:29:50 [INFO] core.views: Retrieving tenant: 3 for tenant proliance
2025-09-17 15:30:00 [DEBUG] core.views: Tenant from user: proliance
2025-09-17 15:30:00 [INFO] core.views: Retrieving tenant: 3 for tenant proliance
2025-09-17 15:30:47 [DEBUG] core.views: Tenant from user: proliance
2025-09-17 15:30:47 [INFO] core.views: Retrieving tenant: 3 for tenant proliance
2025-09-17 15:31:45 [DEBUG] core.views: Tenant from user: proliance
2025-09-17 15:31:45 [INFO] core.views: Retrieving tenant: 3 for tenant proliance
2025-09-17 15:32:45 [DEBUG] core.views: Tenant from user: proliance
2025-09-17 15:32:45 [INFO] core.views: Retrieving tenant: 3 for tenant proliance
2025-09-17 15:33:31 [DEBUG] core.views: Tenant from user: proliance
2025-09-17 15:33:31 [INFO] core.views: Retrieving tenant: 3 for tenant proliance
2025-09-17 15:33:38 [DEBUG] core.views: Tenant from user: proliance
2025-09-17 15:33:38 [INFO] core.views: Retrieving tenant: 3 for tenant proliance
2025-09-17 15:33:38 [DEBUG] core.views: Tenant from user: proliance
2025-09-17 15:33:38 [INFO] core.views: Retrieving tenant: 3 for tenant proliance
2025-09-17 15:33:38 [DEBUG] core.views: Tenant from user: proliance
2025-09-17 15:33:38 [INFO] core.views: Retrieving tenant: 3 for tenant proliance
2025-09-17 15:33:38 [DEBUG] core.views: Tenant from user: proliance
2025-09-17 15:33:38 [INFO] core.views: Retrieving tenant: 3 for tenant proliance
2025-09-17 15:33:38 [DEBUG] core.views: Tenant from user: proliance
2025-09-17 15:33:38 [INFO] core.views: Retrieving tenant: 3 for tenant proliance
2025-09-17 15:33:38 [DEBUG] core.views: Tenant from user: proliance
2025-09-17 15:33:38 [INFO] core.views: Retrieving tenant: 3 for tenant proliance
2025-09-17 15:33:38 [DEBUG] core.views: Tenant from user: proliance
2025-09-17 15:33:38 [INFO] core.views: Retrieving tenant: 3 for tenant proliance
2025-09-17 15:33:38 [DEBUG] core.views: Tenant from user: proliance
2025-09-17 15:33:38 [INFO] core.views: Retrieving tenant: 3 for tenant proliance
2025-09-17 15:33:39 [DEBUG] core.views: Tenant from user: proliance
2025-09-17 15:33:39 [INFO] core.views: Retrieving tenant: 3 for tenant proliance
2025-09-17 15:33:41 [DEBUG] core.views: Tenant from user: proliance
2025-09-17 15:33:41 [INFO] core.views: Retrieving tenant: 3 for tenant proliance
2025-09-17 15:33:41 [DEBUG] core.views: Tenant from user: proliance
2025-09-17 15:33:41 [INFO] core.views: Retrieving tenant: 3 for tenant proliance
2025-09-17 15:33:47 [DEBUG] core.views: Tenant from user: proliance
2025-09-17 15:33:47 [INFO] core.views: Retrieving tenant: 3 for tenant proliance
2025-09-17 15:33:48 [DEBUG] core.views: Tenant from user: proliance
2025-09-17 15:33:48 [INFO] core.views: Retrieving tenant: 3 for tenant proliance
2025-09-17 15:34:00 [DEBUG] core.views: Tenant from user: proliance
2025-09-17 15:34:00 [INFO] core.views: Retrieving tenant: 3 for tenant proliance
2025-09-17 15:34:09 [DEBUG] core.views: Tenant from user: proliance
2025-09-17 15:34:09 [INFO] core.views: Retrieving tenant: 3 for tenant proliance
2025-09-17 15:34:19 [DEBUG] core.views: Tenant from user: proliance
2025-09-17 15:34:19 [INFO] core.views: Retrieving tenant: 3 for tenant proliance
2025-09-17 15:34:24 [DEBUG] core.views: Tenant from user: proliance
2025-09-17 15:34:24 [INFO] core.views: Retrieving tenant: 3 for tenant proliance
2025-09-17 15:34:26 [DEBUG] core.views: Tenant from user: proliance
2025-09-17 15:34:26 [INFO] core.views: Retrieving tenant: 3 for tenant proliance
2025-09-17 15:34:26 [DEBUG] core.views: Tenant from user: proliance
2025-09-17 15:34:26 [INFO] core.views: Retrieving tenant: 3 for tenant proliance
2025-09-17 15:34:26 [DEBUG] core.views: Tenant from user: proliance
2025-09-17 15:34:26 [INFO] core.views: Retrieving tenant: 3 for tenant proliance
2025-09-17 15:34:26 [DEBUG] core.views: Tenant from user: proliance
2025-09-17 15:34:26 [INFO] core.views: Retrieving tenant: 3 for tenant proliance
2025-09-17 15:34:26 [DEBUG] core.views: Tenant from user: proliance
2025-09-17 15:34:26 [INFO] core.views: Retrieving tenant: 3 for tenant proliance
2025-09-17 15:34:26 [DEBUG] core.views: Tenant from user: proliance
2025-09-17 15:34:26 [INFO] core.views: Retrieving tenant: 3 for tenant proliance
2025-09-17 15:34:26 [DEBUG] core.views: Tenant from user: proliance
2025-09-17 15:34:26 [INFO] core.views: Retrieving tenant: 3 for tenant proliance
2025-09-17 15:34:26 [DEBUG] core.views: Tenant from user: proliance
2025-09-17 15:34:26 [INFO] core.views: Retrieving tenant: 3 for tenant proliance
2025-09-17 15:34:28 [DEBUG] core.views: Tenant from user: proliance
2025-09-17 15:34:28 [INFO] core.views: Retrieving tenant: 3 for tenant proliance
2025-09-17 15:34:33 [DEBUG] core.views: Tenant from user: proliance
2025-09-17 15:34:33 [INFO] core.views: Retrieving tenant: 3 for tenant proliance
2025-09-17 15:34:33 [DEBUG] core.views: Tenant from user: proliance
2025-09-17 15:34:33 [INFO] core.views: Retrieving tenant: 3 for tenant proliance
2025-09-17 15:34:33 [DEBUG] core.views: Tenant from user: proliance
2025-09-17 15:34:33 [INFO] core.views: Retrieving tenant: 3 for tenant proliance
2025-09-17 15:34:33 [DEBUG] core.views: Tenant from user: proliance
2025-09-17 15:34:33 [INFO] core.views: Retrieving tenant: 3 for tenant proliance
2025-09-17 15:34:33 [DEBUG] core.views: Tenant from user: proliance
2025-09-17 15:34:33 [INFO] core.views: Retrieving tenant: 3 for tenant proliance
2025-09-17 15:34:33 [DEBUG] core.views: Tenant from user: proliance
2025-09-17 15:34:33 [INFO] core.views: Retrieving tenant: 3 for tenant proliance
2025-09-17 15:34:33 [DEBUG] core.views: Tenant from user: proliance
2025-09-17 15:34:33 [INFO] core.views: Retrieving tenant: 3 for tenant proliance
2025-09-17 15:34:33 [DEBUG] core.views: Tenant from user: proliance
2025-09-17 15:34:33 [INFO] core.views: Retrieving tenant: 3 for tenant proliance
2025-09-17 15:34:40 [DEBUG] core.views: Tenant from user: proliance
2025-09-17 15:34:40 [INFO] core.views: Retrieving tenant: 3 for tenant proliance
2025-09-17 15:34:49 [DEBUG] core.views: Tenant from user: proliance
2025-09-17 15:34:49 [INFO] core.views: Retrieving tenant: 3 for tenant proliance
2025-09-17 15:34:59 [DEBUG] core.views: Tenant from user: proliance
2025-09-17 15:34:59 [INFO] core.views: Retrieving tenant: 3 for tenant proliance
2025-09-17 15:35:10 [DEBUG] core.views: Tenant from user: proliance
2025-09-17 15:35:10 [INFO] core.views: Retrieving tenant: 3 for tenant proliance
2025-09-17 15:35:20 [DEBUG] core.views: Tenant from user: proliance
2025-09-17 15:35:20 [INFO] core.views: Retrieving tenant: 3 for tenant proliance
2025-09-17 15:35:29 [DEBUG] core.views: Tenant from user: proliance
2025-09-17 15:35:29 [INFO] core.views: Retrieving tenant: 3 for tenant proliance
2025-09-17 15:35:46 [DEBUG] core.views: Tenant from user: proliance
2025-09-17 15:35:46 [INFO] core.views: Retrieving tenant: 3 for tenant proliance
2025-09-17 15:36:46 [DEBUG] core.views: Tenant from user: proliance
2025-09-17 15:36:46 [INFO] core.views: Retrieving tenant: 3 for tenant proliance
2025-09-17 15:37:47 [DEBUG] core.views: Tenant from user: proliance
2025-09-17 15:37:47 [INFO] core.views: Retrieving tenant: 3 for tenant proliance
2025-09-17 15:38:45 [DEBUG] core.views: Tenant from user: proliance
2025-09-17 15:38:45 [INFO] core.views: Retrieving tenant: 3 for tenant proliance
2025-09-17 15:39:45 [DEBUG] core.views: Tenant from user: proliance
2025-09-17 15:39:45 [INFO] core.views: Retrieving tenant: 3 for tenant proliance
2025-09-17 15:40:45 [DEBUG] core.views: Tenant from user: proliance
2025-09-17 15:40:45 [INFO] core.views: Retrieving tenant: 3 for tenant proliance
2025-09-17 15:41:23 [DEBUG] core.views: Tenant from user: proliance
2025-09-17 15:41:23 [INFO] core.views: Retrieving tenant: 3 for tenant proliance
2025-09-17 15:41:28 [DEBUG] core.views: Tenant from user: proliance
2025-09-17 15:41:28 [INFO] core.views: Retrieving tenant: 3 for tenant proliance
2025-09-17 15:41:40 [DEBUG] core.views: Tenant from user: proliance
2025-09-17 15:41:40 [INFO] core.views: Retrieving tenant: 3 for tenant proliance
2025-09-17 15:41:49 [DEBUG] core.views: Tenant from user: proliance
2025-09-17 15:41:49 [INFO] core.views: Retrieving tenant: 3 for tenant proliance
2025-09-17 15:41:58 [DEBUG] core.views: Tenant from user: proliance
2025-09-17 15:41:58 [INFO] core.views: Retrieving tenant: 3 for tenant proliance
2025-09-17 15:41:58 [DEBUG] core.views: Tenant from user: proliance
2025-09-17 15:41:58 [INFO] core.views: Retrieving tenant: 3 for tenant proliance
2025-09-17 15:41:58 [DEBUG] core.views: Tenant from user: proliance
2025-09-17 15:41:58 [INFO] core.views: Retrieving tenant: 3 for tenant proliance
2025-09-17 15:41:58 [DEBUG] core.views: Tenant from user: proliance
2025-09-17 15:41:58 [INFO] core.views: Retrieving tenant: 3 for tenant proliance
2025-09-17 15:41:58 [DEBUG] core.views: Tenant from user: proliance
2025-09-17 15:41:58 [INFO] core.views: Retrieving tenant: 3 for tenant proliance
2025-09-17 15:41:58 [DEBUG] core.views: Tenant from user: proliance
2025-09-17 15:41:58 [INFO] core.views: Retrieving tenant: 3 for tenant proliance
2025-09-17 15:41:58 [DEBUG] core.views: Tenant from user: proliance
2025-09-17 15:41:58 [INFO] core.views: Retrieving tenant: 3 for tenant proliance
2025-09-17 15:41:58 [DEBUG] core.views: Tenant from user: proliance
2025-09-17 15:41:58 [INFO] core.views: Retrieving tenant: 3 for tenant proliance
2025-09-17 15:41:58 [DEBUG] core.views: Tenant from user: proliance
2025-09-17 15:41:58 [INFO] core.views: Retrieving tenant: 3 for tenant proliance
2025-09-17 15:41:59 [DEBUG] core.views: Tenant from user: proliance
2025-09-17 15:41:59 [INFO] core.views: Retrieving tenant: 3 for tenant proliance
2025-09-17 15:41:59 [DEBUG] core.views: Tenant from user: proliance
2025-09-17 15:41:59 [INFO] core.views: Retrieving tenant: 3 for tenant proliance
2025-09-17 15:42:00 [DEBUG] core.views: Tenant from user: proliance
2025-09-17 15:42:00 [INFO] core.views: Retrieving tenant: 3 for tenant proliance
2025-09-17 15:42:00 [DEBUG] core.views: Tenant from user: proliance
2025-09-17 15:42:00 [INFO] core.views: Retrieving tenant: 3 for tenant proliance
2025-09-17 15:42:00 [DEBUG] core.views: Tenant from user: proliance
2025-09-17 15:42:00 [INFO] core.views: Retrieving tenant: 3 for tenant proliance
2025-09-17 15:42:10 [DEBUG] core.views: Tenant from user: proliance
2025-09-17 15:42:10 [INFO] core.views: Retrieving tenant: 3 for tenant proliance
2025-09-17 15:42:19 [DEBUG] core.views: Tenant from user: proliance
2025-09-17 15:42:19 [INFO] core.views: Retrieving tenant: 3 for tenant proliance
2025-09-17 15:42:28 [DEBUG] core.views: Tenant from user: proliance
2025-09-17 15:42:28 [INFO] core.views: Retrieving tenant: 3 for tenant proliance
2025-09-17 15:42:40 [DEBUG] core.views: Tenant from user: proliance
2025-09-17 15:42:40 [INFO] core.views: Retrieving tenant: 3 for tenant proliance
2025-09-17 16:55:02 [WARNING] django.request: Forbidden: /api/token/validate/
2025-09-17 16:55:02 [WARNING] django.request: Forbidden: /api/token/validate/
